#
# A fatal error has been detected by the Java Runtime Environment:
#
#  EXCEPTION_ACCESS_VIOLATION (0xc0000005) at pc=0x00007ffd01c0ef97, pid=6804, tid=0x0000000000002e3c
#
# JRE version: Java(TM) SE Runtime Environment (8.0_131-b11) (build 1.8.0_131-b11)
# Java VM: Java HotSpot(TM) 64-Bit Server VM (25.131-b11 mixed mode windows-amd64 compressed oops)
# Problematic frame:
# C  [lwjgl_opengl.dll+0xef97]
#
# Failed to write core dump. Minidumps are not enabled by default on client versions of Windows
#
# If you would like to submit a bug report, please visit:
#   http://bugreport.java.com/bugreport/crash.jsp
# The crash happened outside the Java Virtual Machine in native code.
# See problematic frame for where to report the bug.
#

---------------  T H R E A D  ---------------

Current thread (0x0000000002492800):  JavaThread "main" [_thread_in_native, id=11836, stack(0x0000000002390000,0x0000000002490000)]

siginfo: ExceptionCode=0xc0000005, reading address 0x00000000000010d8

Registers:
RAX=0x0000000051b80d50, RBX=0x0000000003f37bd0, RCX=0x0000000000000000, RDX=0x000000000248f1e8
RSP=0x000000000248f168, RBP=0x000000000248f1d8, RSI=0x0000000003af0468, RDI=0x000000000001b7e0
R8 =0x0000000000000004, R9 =0x0000000000c28210, R10=0x0000000005a47f48, R11=0x000000005160bd80
R12=0x0000000000000000, R13=0x0000000003f37bd0, R14=0x000000000248f1f0, R15=0x0000000002492800
RIP=0x00007ffd01c0ef97, EFLAGS=0x0000000000010202

Top of Stack: (sp=0x000000000248f168)
0x000000000248f168:   0000000005a47f74 0000000002492800
0x000000000248f178:   0000000003f37bd0 0000000003af0468
0x000000000248f188:   0000000002492800 0000000005a47ca2
0x000000000248f198:   000000000248f198 0000000003f37bd0
0x000000000248f1a8:   000000000248f1f0 0000000003f62c28
0x000000000248f1b8:   0000000000000000 0000000003f37bd0
0x000000000248f1c8:   0000000000000000 000000000248f1f8
0x000000000248f1d8:   000000000248f238 0000000005a37da0
0x000000000248f1e8:   000000078b0c3860 0000000005a419d6
0x000000000248f1f8:   000000000248f1f8 0000000003f37c68
0x000000000248f208:   000000000248f240 0000000003f62c28
0x000000000248f218:   0000000000000000 0000000003f37c78
0x000000000248f228:   000000000248f1f8 000000000248f248
0x000000000248f238:   000000000248f288 0000000005a37da0
0x000000000248f248:   000000000248f248 0000000003f09358
0x000000000248f258:   000000000248f298 0000000003f09840 

Instructions: (pc=0x00007ffd01c0ef97)
0x00007ffd01c0ef77:   8b c8 4c 8b 50 18 49 ff a2 d0 10 00 00 cc cc cc
0x00007ffd01c0ef87:   cc cc cc cc cc cc cc cc cc 48 8b 01 48 8b 48 18
0x00007ffd01c0ef97:   48 8b 81 d8 10 00 00 48 ff e0 cc cc cc cc cc cc
0x00007ffd01c0efa7:   cc cc cc cc cc cc cc cc cc 48 8b 01 45 8b d8 4c 


Register to memory mapping:

RAX=0x0000000051b80d50 is an unknown value
RBX={method} {0x0000000003f37bd8} 'nglGetError' '()I' in 'org/lwjgl/opengl/GL11'
RCX=0x0000000000000000 is an unknown value
RDX=0x000000000248f1e8 is pointing into the stack for thread: 0x0000000002492800
RSP=0x000000000248f168 is pointing into the stack for thread: 0x0000000002492800
RBP=0x000000000248f1d8 is pointing into the stack for thread: 0x0000000002492800
RSI={method} {0x0000000003af0470} '<init>' '()V' in 'java/lang/Object'
RDI=0x000000000001b7e0 is an unknown value
R8 =0x0000000000000004 is an unknown value
R9 =0x0000000000c28210 is an unknown value
R10=0x0000000005a47f48 is at code_begin+840 in an Interpreter codelet
method entry point (kind = native)  [0x0000000005a47c00, 0x0000000005a48560]  2400 bytes
R11=0x000000005160bd80 is an unknown value
R12=0x0000000000000000 is an unknown value
R13={method} {0x0000000003f37bd8} 'nglGetError' '()I' in 'org/lwjgl/opengl/GL11'
R14=0x000000000248f1f0 is pointing into the stack for thread: 0x0000000002492800
R15=0x0000000002492800 is a thread


Stack: [0x0000000002390000,0x0000000002490000],  sp=0x000000000248f168,  free space=1020k
Native frames: (J=compiled Java code, j=interpreted, Vv=VM code, C=native code)
C  [lwjgl_opengl.dll+0xef97]

Java frames: (J=compiled Java code, j=interpreted, Vv=VM code)
j  org.lwjgl.opengl.GL11.nglGetError()I+0
j  org.lwjgl.opengl.GL11.glGetError()I+0
j  org.newdawn.slick.opengl.renderer.ImmediateModeOGLRenderer.glGetError()V+0
j  org.newdawn.slick.opengl.GLUtils.checkGLContext()V+3
j  org.newdawn.slick.TrueTypeFont.<init>(Ljava/awt/Font;Z[C)V+49
j  org.newdawn.slick.TrueTypeFont.<init>(Ljava/awt/Font;Z)V+4
j  me.newo2001.Main.<init>()V+33
j  me.newo2001.Main.main([Ljava/lang/String;)V+4
v  ~StubRoutines::call_stub

---------------  P R O C E S S  ---------------

Java Threads: ( => current thread )
  0x0000000019e40800 JavaThread "Service Thread" daemon [_thread_blocked, id=8772, stack(0x000000001a210000,0x000000001a310000)]
  0x0000000004497000 JavaThread "C1 CompilerThread2" daemon [_thread_blocked, id=12732, stack(0x0000000019d10000,0x0000000019e10000)]
  0x0000000004492000 JavaThread "C2 CompilerThread1" daemon [_thread_blocked, id=10828, stack(0x0000000019c10000,0x0000000019d10000)]
  0x000000000448e000 JavaThread "C2 CompilerThread0" daemon [_thread_blocked, id=192, stack(0x0000000019b10000,0x0000000019c10000)]
  0x000000000448c800 JavaThread "Attach Listener" daemon [_thread_blocked, id=5160, stack(0x0000000019a10000,0x0000000019b10000)]
  0x000000000448b800 JavaThread "Signal Dispatcher" daemon [_thread_blocked, id=12772, stack(0x00000000058f0000,0x00000000059f0000)]
  0x000000000447a800 JavaThread "Finalizer" daemon [_thread_blocked, id=7308, stack(0x00000000056f0000,0x00000000057f0000)]
  0x0000000002581000 JavaThread "Reference Handler" daemon [_thread_blocked, id=7176, stack(0x00000000055f0000,0x00000000056f0000)]
=>0x0000000002492800 JavaThread "main" [_thread_in_native, id=11836, stack(0x0000000002390000,0x0000000002490000)]

Other Threads:
  0x0000000004457000 VMThread [stack: 0x00000000054f0000,0x00000000055f0000] [id=10640]
  0x0000000019e63800 WatcherThread [stack: 0x000000001a6d0000,0x000000001a7d0000] [id=12296]

VM state:not at safepoint (normal execution)

VM Mutex/Monitor currently owned by a thread: None

Heap:
 PSYoungGen      total 47616K, used 6577K [0x000000078ac00000, 0x000000078e100000, 0x00000007c0000000)
  eden space 40960K, 16% used [0x000000078ac00000,0x000000078b26c768,0x000000078d400000)
  from space 6656K, 0% used [0x000000078da80000,0x000000078da80000,0x000000078e100000)
  to   space 6656K, 0% used [0x000000078d400000,0x000000078d400000,0x000000078da80000)
 ParOldGen       total 109568K, used 0K [0x0000000720400000, 0x0000000726f00000, 0x000000078ac00000)
  object space 109568K, 0% used [0x0000000720400000,0x0000000720400000,0x0000000726f00000)
 Metaspace       used 5975K, capacity 6142K, committed 6400K, reserved 1056768K
  class space    used 659K, capacity 731K, committed 768K, reserved 1048576K

Card table byte_map: [0x0000000002950000,0x0000000002e50000] byte_map_base: 0xffffffffff04e000

Marking Bits: (ParMarkBitMap*) 0x0000000051bfc720
 Begin Bits: [0x0000000014a30000, 0x0000000017220000)
 End Bits:   [0x0000000017220000, 0x0000000019a10000)

Polling page: 0x00000000006b0000

CodeCache: size=245760Kb used=1905Kb max_used=1905Kb free=243854Kb
 bounds [0x0000000005a30000, 0x0000000005ca0000, 0x0000000014a30000]
 total_blobs=739 nmethods=386 adapters=266
 compilation: enabled

Compilation events (10 events):
Event: 0.253 Thread 0x0000000004497000  382       3       java.lang.ref.SoftReference::get (29 bytes)
Event: 0.253 Thread 0x0000000004497000 nmethod 382 0x0000000005c0a6d0 code [0x0000000005c0a820, 0x0000000005c0aa10]
Event: 0.254 Thread 0x0000000004497000  383       3       java.net.URLStreamHandler::setURL (40 bytes)
Event: 0.254 Thread 0x0000000004497000 nmethod 383 0x0000000005c0aa90 code [0x0000000005c0ac20, 0x0000000005c0afd8]
Event: 0.254 Thread 0x0000000004497000  384   !   3       java.net.URL::set (114 bytes)
Event: 0.254 Thread 0x0000000004497000 nmethod 384 0x0000000005c0b150 code [0x0000000005c0b340, 0x0000000005c0be98]
Event: 0.259 Thread 0x0000000004497000  385       3       sun.misc.URLClassPath::access$100 (7 bytes)
Event: 0.260 Thread 0x0000000004497000 nmethod 385 0x0000000005c0c4d0 code [0x0000000005c0c640, 0x0000000005c0c7a8]
Event: 0.260 Thread 0x0000000004497000  386       3       sun.misc.URLClassPath::getResource (83 bytes)
Event: 0.260 Thread 0x0000000004497000 nmethod 386 0x0000000005c0c890 code [0x0000000005c0ca20, 0x0000000005c0cde8]

GC Heap History (0 events):
No events

Deoptimization events (0 events):
No events

Internal exceptions (10 events):
Event: 0.131 Thread 0x0000000002492800 Exception <a 'java/security/PrivilegedActionException'> (0x000000078aefe5d0) thrown at [C:\re\workspace\8-2-build-windows-amd64-cygwin\jdk8u131\8869\hotspot\src\share\vm\prims\jvm.cpp, line 1390]
Event: 0.136 Thread 0x0000000002492800 Exception <a 'java/io/FileNotFoundException'> (0x000000078af181a8) thrown at [C:\re\workspace\8-2-build-windows-amd64-cygwin\jdk8u131\8869\hotspot\src\share\vm\prims\jni.cpp, line 709]
Event: 0.168 Thread 0x0000000002492800 Exception <a 'java/lang/NoSuchFieldError': method resolution failed> (0x000000078afe5b10) thrown at [C:\re\workspace\8-2-build-windows-amd64-cygwin\jdk8u131\8869\hotspot\src\share\vm\prims\methodHandles.cpp, line 1146]
Event: 0.169 Thread 0x0000000002492800 Exception <a 'java/lang/NoSuchFieldError': method resolution failed> (0x000000078aff2ee0) thrown at [C:\re\workspace\8-2-build-windows-amd64-cygwin\jdk8u131\8869\hotspot\src\share\vm\prims\methodHandles.cpp, line 1146]
Event: 0.245 Thread 0x0000000002492800 Exception <a 'sun/nio/fs/WindowsException'> (0x000000078b1b14d8) thrown at [C:\re\workspace\8-2-build-windows-amd64-cygwin\jdk8u131\8869\hotspot\src\share\vm\prims\jni.cpp, line 709]
Event: 0.246 Thread 0x0000000002492800 Exception <a 'sun/nio/fs/WindowsException'> (0x000000078b1b1d08) thrown at [C:\re\workspace\8-2-build-windows-amd64-cygwin\jdk8u131\8869\hotspot\src\share\vm\prims\jni.cpp, line 709]
Event: 0.246 Thread 0x0000000002492800 Exception <a 'sun/nio/fs/WindowsException'> (0x000000078b1b45f0) thrown at [C:\re\workspace\8-2-build-windows-amd64-cygwin\jdk8u131\8869\hotspot\src\share\vm\prims\jni.cpp, line 709]
Event: 0.246 Thread 0x0000000002492800 Exception <a 'sun/nio/fs/WindowsException'> (0x000000078b1b4b18) thrown at [C:\re\workspace\8-2-build-windows-amd64-cygwin\jdk8u131\8869\hotspot\src\share\vm\prims\jni.cpp, line 709]
Event: 0.246 Thread 0x0000000002492800 Exception <a 'sun/nio/fs/WindowsException'> (0x000000078b1b54f0) thrown at [C:\re\workspace\8-2-build-windows-amd64-cygwin\jdk8u131\8869\hotspot\src\share\vm\prims\jni.cpp, line 709]
Event: 0.246 Thread 0x0000000002492800 Exception <a 'sun/nio/fs/WindowsException'> (0x000000078b1b5980) thrown at [C:\re\workspace\8-2-build-windows-amd64-cygwin\jdk8u131\8869\hotspot\src\share\vm\prims\jni.cpp, line 709]

Events (10 events):
Event: 0.257 loading class sun/reflect/UnsafeQualifiedStaticFieldAccessorImpl done
Event: 0.257 loading class sun/reflect/UnsafeQualifiedStaticObjectFieldAccessorImpl done
Event: 0.257 loading class org/lwjgl/system/windows/WinBase
Event: 0.257 loading class org/lwjgl/system/windows/WinBase done
Event: 0.259 loading class org/lwjgl/opengl/GL$1
Event: 0.259 loading class org/lwjgl/opengl/GL$1 done
Event: 0.260 loading class org/lwjgl/opengl/GL$SharedLibraryGL
Event: 0.260 loading class org/lwjgl/opengl/GL$SharedLibraryGL done
Event: 0.260 loading class org/lwjgl/system/SharedLibrary$Delegate
Event: 0.260 loading class org/lwjgl/system/SharedLibrary$Delegate done


Dynamic libraries:
0x00007ff79d620000 - 0x00007ff79d657000 	C:\Program Files\Java\jre1.8.0_131\bin\javaw.exe
0x00007ffd1a9b0000 - 0x00007ffd1ab81000 	C:\WINDOWS\SYSTEM32\ntdll.dll
0x00007ffd1a5f0000 - 0x00007ffd1a69c000 	C:\WINDOWS\System32\KERNEL32.DLL
0x00007ffd170b0000 - 0x00007ffd172cd000 	C:\WINDOWS\System32\KERNELBASE.dll
0x00007ffd1a700000 - 0x00007ffd1a7a2000 	C:\WINDOWS\System32\ADVAPI32.dll
0x00007ffd1a7f0000 - 0x00007ffd1a88e000 	C:\WINDOWS\System32\msvcrt.dll
0x00007ffd185e0000 - 0x00007ffd18639000 	C:\WINDOWS\System32\sechost.dll
0x00007ffd18fb0000 - 0x00007ffd190d1000 	C:\WINDOWS\System32\RPCRT4.dll
0x00007ffd18640000 - 0x00007ffd187a5000 	C:\WINDOWS\System32\USER32.dll
0x00007ffd17580000 - 0x00007ffd1759e000 	C:\WINDOWS\System32\win32u.dll
0x00007ffd1a7b0000 - 0x00007ffd1a7e4000 	C:\WINDOWS\System32\GDI32.dll
0x00007ffd172d0000 - 0x00007ffd17452000 	C:\WINDOWS\System32\gdi32full.dll
0x00007ffd0dfc0000 - 0x00007ffd0e23a000 	C:\WINDOWS\WinSxS\amd64_microsoft.windows.common-controls_6595b64144ccf1df_6.0.14393.953_none_42151e83c686086b\COMCTL32.dll
0x00007ffd18a10000 - 0x00007ffd18cd8000 	C:\WINDOWS\System32\combase.dll
0x00007ffd176f0000 - 0x00007ffd177e5000 	C:\WINDOWS\System32\ucrtbase.dll
0x00007ffd17510000 - 0x00007ffd1757a000 	C:\WINDOWS\System32\bcryptPrimitives.dll
0x00007ffd18840000 - 0x00007ffd1886e000 	C:\WINDOWS\System32\IMM32.DLL
0x0000000052740000 - 0x00000000527ac000 	c:\program files (x86)\internetbeveiliging\apps\computersecurity\hips\fshook64.dll
0x00007ffd1a900000 - 0x00007ffd1a908000 	C:\WINDOWS\System32\PSAPI.DLL
0x0000000052370000 - 0x0000000052442000 	C:\Program Files\Java\jre1.8.0_131\bin\msvcr100.dll
0x00000000513e0000 - 0x0000000051c7c000 	C:\Program Files\Java\jre1.8.0_131\bin\server\jvm.dll
0x00007ffd0c5c0000 - 0x00007ffd0c5c9000 	C:\WINDOWS\SYSTEM32\WSOCK32.dll
0x00007ffd0fdd0000 - 0x00007ffd0fdda000 	C:\WINDOWS\SYSTEM32\VERSION.dll
0x00007ffd15270000 - 0x00007ffd15293000 	C:\WINDOWS\SYSTEM32\WINMM.dll
0x00007ffd187d0000 - 0x00007ffd1883a000 	C:\WINDOWS\System32\WS2_32.dll
0x0000000000b90000 - 0x0000000000bbb000 	C:\WINDOWS\SYSTEM32\WINMMBASE.dll
0x00007ffd17ed0000 - 0x00007ffd17f12000 	C:\WINDOWS\System32\cfgmgr32.dll
0x0000000052520000 - 0x000000005252f000 	C:\Program Files\Java\jre1.8.0_131\bin\verify.dll
0x00000000524f0000 - 0x0000000052519000 	C:\Program Files\Java\jre1.8.0_131\bin\java.dll
0x00000000524d0000 - 0x00000000524e6000 	C:\Program Files\Java\jre1.8.0_131\bin\zip.dll
0x00007ffd190e0000 - 0x00007ffd1a5e8000 	C:\WINDOWS\System32\SHELL32.dll
0x00007ffd177f0000 - 0x00007ffd17eca000 	C:\WINDOWS\System32\windows.storage.dll
0x00007ffd16df0000 - 0x00007ffd16e3c000 	C:\WINDOWS\System32\powrprof.dll
0x00007ffd1a8a0000 - 0x00007ffd1a8f2000 	C:\WINDOWS\System32\shlwapi.dll
0x00007ffd16e50000 - 0x00007ffd16e5f000 	C:\WINDOWS\System32\kernel.appcore.dll
0x00007ffd17460000 - 0x00007ffd17509000 	C:\WINDOWS\System32\shcore.dll
0x00007ffd16e60000 - 0x00007ffd16e74000 	C:\WINDOWS\System32\profapi.dll
0x0000000051240000 - 0x00000000513d8000 	C:\Program Files\Java\jre1.8.0_131\bin\awt.dll
0x00007ffd18520000 - 0x00007ffd185df000 	C:\WINDOWS\System32\OLEAUT32.dll
0x00007ffd17650000 - 0x00007ffd176ec000 	C:\WINDOWS\System32\msvcp_win.dll
0x00007ffd15390000 - 0x00007ffd1540a000 	C:\WINDOWS\SYSTEM32\apphelp.dll
0x00000000524b0000 - 0x00000000524ca000 	C:\Program Files\Java\jre1.8.0_131\bin\net.dll
0x00007ffd16720000 - 0x00007ffd1677c000 	C:\WINDOWS\system32\mswsock.dll
0x0000000052490000 - 0x00000000524a1000 	C:\Program Files\Java\jre1.8.0_131\bin\nio.dll
0x00007ffd01d60000 - 0x00007ffd01db7000 	C:\Users\gebruiker\AppData\Local\Temp\lwjglgebruiker\3.1.1-build-16\lwjgl.dll
0x00007ffd168e0000 - 0x00007ffd168eb000 	C:\WINDOWS\SYSTEM32\CRYPTBASE.DLL
0x00007ffd01c00000 - 0x00007ffd01c5f000 	C:\Users\gebruiker\AppData\Local\Temp\lwjglgebruiker\3.1.1-build-16\lwjgl_opengl.dll
0x00007ffcf8f60000 - 0x00007ffcf9083000 	C:\WINDOWS\system32\opengl32.dll
0x00007ffcf8e60000 - 0x00007ffcf8f57000 	C:\WINDOWS\SYSTEM32\DDRAW.dll
0x00007ffd0df20000 - 0x00007ffd0df4d000 	C:\WINDOWS\SYSTEM32\GLU32.dll
0x00007ffd08a40000 - 0x00007ffd08a48000 	C:\WINDOWS\SYSTEM32\DCIMAN32.dll
0x00007ffd08fd0000 - 0x00007ffd09162000 	C:\WINDOWS\SYSTEM32\dbghelp.dll

VM Arguments:
jvm_args: -Dfile.encoding=Cp1252 
java_command: me.newo2001.Main
java_class_path (initial): D:\Coding\Github\JPAWN;D:\Coding\Github\LWJGL\lwjgl.jar;D:\Coding\Github\LWJGL\lwjgl-assimp.jar;D:\Coding\Github\LWJGL\lwjgl-assimp-javadoc.jar;D:\Coding\Github\LWJGL\lwjgl-assimp-natives-windows.jar;D:\Coding\Github\LWJGL\lwjgl-bgfx.jar;D:\Coding\Github\LWJGL\lwjgl-bgfx-javadoc.jar;D:\Coding\Github\LWJGL\lwjgl-bgfx-natives-windows.jar;D:\Coding\Github\LWJGL\lwjgl-egl.jar;D:\Coding\Github\LWJGL\lwjgl-egl-javadoc.jar;D:\Coding\Github\LWJGL\lwjgl-glfw.jar;D:\Coding\Github\LWJGL\lwjgl-glfw-javadoc.jar;D:\Coding\Github\LWJGL\lwjgl-glfw-natives-windows.jar;D:\Coding\Github\LWJGL\lwjgl-javadoc.jar;D:\Coding\Github\LWJGL\lwjgl-jawt.jar;D:\Coding\Github\LWJGL\lwjgl-jawt-javadoc.jar;D:\Coding\Github\LWJGL\lwjgl-jemalloc.jar;D:\Coding\Github\LWJGL\lwjgl-jemalloc-javadoc.jar;D:\Coding\Github\LWJGL\lwjgl-jemalloc-natives-windows.jar;D:\Coding\Github\LWJGL\lwjgl-lmdb.jar;D:\Coding\Github\LWJGL\lwjgl-lmdb-javadoc.jar;D:\Coding\Github\LWJGL\lwjgl-lmdb-natives-windows.jar;D:\Coding\Github\LWJGL\lwjgl-nanovg.jar;D:\Coding\Github\LWJGL\lwjgl-nanovg-javadoc.jar;D:\Coding\Github\LWJGL\lwjgl-nanovg-natives-windows.jar;D:\Coding\Github\LWJGL\lwjgl-natives-windows.jar;D:\Coding\Github\LWJGL\lwjgl-nfd.jar;D:\Coding\Github\LWJGL\lwjgl-nfd-javadoc.jar;D:\Coding\Github\LWJGL\lwjgl-nfd-natives-windows.jar;D:\Coding\Github\LWJGL\lwjgl-nuklear.jar;D:\Coding\Github\LWJGL\lwjgl-nuklear-javadoc.jar;D:\Coding\Github\LWJGL\lwjgl-nuklear-natives-windows.jar;D:\Coding\Github\LWJGL\lwjgl-openal.jar;D:\Coding\Github\LWJGL\lwjgl-openal-javadoc.jar;D:\Coding\Github\LWJGL\lwjgl-openal-natives-windows.jar;D:\Coding\Github\LWJGL\lwjgl-opencl.jar;D:\Coding\Github\LWJGL\lwjgl-opencl-javadoc.jar;D:\Coding\Github\LWJGL\lwjgl-opengl.jar;D:\Coding\Github\LWJGL\lwjgl-opengles.jar;D:\Coding\Github\LWJGL\lwjgl-opengles-javadoc.jar;D:\Coding\Github\LWJGL\lwjgl-opengles-natives-windows.jar;D:\Coding\Github\LWJGL\lwjgl-opengl-javadoc.jar;D:\Coding\Github\LWJGL\lwjgl-opengl-natives-windows.jar
Launcher Type: SUN_STANDARD

Environment Variables:
JAVA_HOME=C:\Program Files\Java\jdk1.8.0_45
PATH=C:/Program Files/Java/jre1.8.0_131/bin/server;C:/Program Files/Java/jre1.8.0_131/bin;C:/Program Files/Java/jre1.8.0_131/lib/amd64;C:\ProgramData\Oracle\Java\javapath;C:\Program Files\Common Files\Microsoft Shared\Windows Live;C:\Program Files (x86)\Common Files\Microsoft Shared\Windows Live;C:\Program Files (x86)\AMD APP\bin\x86_64;C:\Program Files (x86)\AMD APP\bin\x86;C:\WINDOWS\system32;C:\WINDOWS;C:\WINDOWS\System32\Wbem;C:\WINDOWS\System32\WindowsPowerShell\v1.0\;C:\Program Files (x86)\ATI Technologies\ATI.ACE\Core-Static;C:\Program Files (x86)\Windows Live\Shared;C:\Users\gebruiker\.dnx\bin;C:\Program Files\Microsoft DNX\Dnvm\;C:\Program Files\Microsoft SQL Server\120\Tools\Binn\;C:\Program Files\apache-maven-3.3.9\bin;C:\Program Files\nodejs\;C:\Program Files (x86)\Heroku\bin;C:\Program Files (x86)\git\cmd;C:\Program Files (x86)\Git\cmd;C:\Program Files (x86)\NVIDIA Corporation\PhysX\Common;C:\Program Files (x86)\Skype\Phone\;C:\Program Files\Java\jdk1.8.0_45\bin;C:\Users\gebruiker\AppData\Local\atom\bin;C:\Users\gebruiker\AppData\Local\Microsoft\WindowsApps;C:\Users\gebruiker\AppData\Roaming\npm;C:\Program Files (x86)\Steam\steamapps\common\Counter-Strike Global Offensive\..\bin;D:\Coding\Java\eclipse;
USERNAME=gebruiker
OS=Windows_NT
PROCESSOR_IDENTIFIER=Intel64 Family 6 Model 42 Stepping 7, GenuineIntel



---------------  S Y S T E M  ---------------

OS: Windows 10.0 , 64 bit Build 14393 (10.0.14393.1198)

CPU:total 4 (initial active 4) (4 cores per cpu, 1 threads per core) family 6 model 42 stepping 7, cmov, cx8, fxsr, mmx, sse, sse2, sse3, ssse3, sse4.1, sse4.2, popcnt, avx, aes, clmul, tsc, tscinvbit

Memory: 4k page, physical 10462640k(5900412k free), swap 20948400k(14824504k free)

vm_info: Java HotSpot(TM) 64-Bit Server VM (25.131-b11) for windows-amd64 JRE (1.8.0_131-b11), built on Mar 15 2017 01:23:53 by "java_re" with MS VC++ 10.0 (VS2010)

time: Sat May 27 00:34:50 2017
elapsed time: 0 seconds (0d 0h 0m 0s)

