#
# A fatal error has been detected by the Java Runtime Environment:
#
#  EXCEPTION_ACCESS_VIOLATION (0xc0000005) at pc=0x00007ffd01c0ef97, pid=9928, tid=0x0000000000002fbc
#
# JRE version: Java(TM) SE Runtime Environment (8.0_131-b11) (build 1.8.0_131-b11)
# Java VM: Java HotSpot(TM) 64-Bit Server VM (25.131-b11 mixed mode windows-amd64 compressed oops)
# Problematic frame:
# C  [lwjgl_opengl.dll+0xef97]
#
# Failed to write core dump. Minidumps are not enabled by default on client versions of Windows
#
# If you would like to submit a bug report, please visit:
#   http://bugreport.java.com/bugreport/crash.jsp
# The crash happened outside the Java Virtual Machine in native code.
# See problematic frame for where to report the bug.
#

---------------  T H R E A D  ---------------

Current thread (0x0000000002ca2800):  JavaThread "main" [_thread_in_native, id=12220, stack(0x0000000002b00000,0x0000000002c00000)]

siginfo: ExceptionCode=0xc0000005, reading address 0x00000000000010d8

Registers:
RAX=0x0000000051b80d50, RBX=0x000000000481a3d0, RCX=0x0000000000000000, RDX=0x0000000002bff2b8
RSP=0x0000000002bff238, RBP=0x0000000002bff2a8, RSI=0x00000000042c0468, RDI=0x0000000000025350
R8 =0x0000000000000004, R9 =0x0000000002c97b80, R10=0x0000000004c87f48, R11=0x000000005160bd80
R12=0x0000000000000000, R13=0x000000000481a3d0, R14=0x0000000002bff2c0, R15=0x0000000002ca2800
RIP=0x00007ffd01c0ef97, EFLAGS=0x0000000000010202

Top of Stack: (sp=0x0000000002bff238)
0x0000000002bff238:   0000000004c87f74 0000000002ca2800
0x0000000002bff248:   000000000481a3d0 00000000042c0468
0x0000000002bff258:   0000000002ca2800 0000000004c87ca2
0x0000000002bff268:   0000000002bff268 000000000481a3d0
0x0000000002bff278:   0000000002bff2c0 000000000483d470
0x0000000002bff288:   0000000000000000 000000000481a3d0
0x0000000002bff298:   0000000000000000 0000000002bff2c8
0x0000000002bff2a8:   0000000002bff308 0000000004c77da0
0x0000000002bff2b8:   000000078b2deee0 0000000004c819d6
0x0000000002bff2c8:   0000000002bff2c8 000000000481a468
0x0000000002bff2d8:   0000000002bff310 000000000483d470
0x0000000002bff2e8:   0000000000000000 000000000481a478
0x0000000002bff2f8:   0000000002bff2c8 0000000002bff318
0x0000000002bff308:   0000000002bff358 0000000004c77da0
0x0000000002bff318:   0000000002bff318 00000000047fbc68
0x0000000002bff328:   0000000002bff368 00000000047fc150 

Instructions: (pc=0x00007ffd01c0ef97)
0x00007ffd01c0ef77:   8b c8 4c 8b 50 18 49 ff a2 d0 10 00 00 cc cc cc
0x00007ffd01c0ef87:   cc cc cc cc cc cc cc cc cc 48 8b 01 48 8b 48 18
0x00007ffd01c0ef97:   48 8b 81 d8 10 00 00 48 ff e0 cc cc cc cc cc cc
0x00007ffd01c0efa7:   cc cc cc cc cc cc cc cc cc 48 8b 01 45 8b d8 4c 


Register to memory mapping:

RAX=0x0000000051b80d50 is an unknown value
RBX={method} {0x000000000481a3d8} 'nglGetError' '()I' in 'org/lwjgl/opengl/GL11'
RCX=0x0000000000000000 is an unknown value
RDX=0x0000000002bff2b8 is pointing into the stack for thread: 0x0000000002ca2800
RSP=0x0000000002bff238 is pointing into the stack for thread: 0x0000000002ca2800
RBP=0x0000000002bff2a8 is pointing into the stack for thread: 0x0000000002ca2800
RSI={method} {0x00000000042c0470} '<init>' '()V' in 'java/lang/Object'
RDI=0x0000000000025350 is an unknown value
R8 =0x0000000000000004 is an unknown value
R9 =0x0000000002c97b80 is an unknown value
R10=0x0000000004c87f48 is at code_begin+840 in an Interpreter codelet
method entry point (kind = native)  [0x0000000004c87c00, 0x0000000004c88560]  2400 bytes
R11=0x000000005160bd80 is an unknown value
R12=0x0000000000000000 is an unknown value
R13={method} {0x000000000481a3d8} 'nglGetError' '()I' in 'org/lwjgl/opengl/GL11'
R14=0x0000000002bff2c0 is pointing into the stack for thread: 0x0000000002ca2800
R15=0x0000000002ca2800 is a thread


Stack: [0x0000000002b00000,0x0000000002c00000],  sp=0x0000000002bff238,  free space=1020k
Native frames: (J=compiled Java code, j=interpreted, Vv=VM code, C=native code)
C  [lwjgl_opengl.dll+0xef97]

Java frames: (J=compiled Java code, j=interpreted, Vv=VM code)
j  org.lwjgl.opengl.GL11.nglGetError()I+0
j  org.lwjgl.opengl.GL11.glGetError()I+0
j  org.newdawn.slick.opengl.renderer.ImmediateModeOGLRenderer.glGetError()V+0
j  org.newdawn.slick.opengl.GLUtils.checkGLContext()V+3
j  org.newdawn.slick.TrueTypeFont.<init>(Ljava/awt/Font;Z[C)V+49
j  org.newdawn.slick.TrueTypeFont.<init>(Ljava/awt/Font;Z)V+4
j  me.newo2001.Main.initOpenGL()V+345
j  me.newo2001.Main.init()V+1
j  me.newo2001.Main.run()V+30
j  me.newo2001.Main.main([Ljava/lang/String;)V+7
v  ~StubRoutines::call_stub

---------------  P R O C E S S  ---------------

Java Threads: ( => current thread )
  0x000000001a660800 JavaThread "Service Thread" daemon [_thread_blocked, id=2200, stack(0x000000001aa30000,0x000000001ab30000)]
  0x0000000018df8000 JavaThread "C1 CompilerThread2" daemon [_thread_blocked, id=3240, stack(0x000000001a530000,0x000000001a630000)]
  0x0000000018df3000 JavaThread "C2 CompilerThread1" daemon [_thread_blocked, id=6096, stack(0x000000001a430000,0x000000001a530000)]
  0x0000000018def800 JavaThread "C2 CompilerThread0" daemon [_thread_blocked, id=936, stack(0x000000001a330000,0x000000001a430000)]
  0x0000000018dee000 JavaThread "Attach Listener" daemon [_thread_blocked, id=7764, stack(0x000000001a230000,0x000000001a330000)]
  0x0000000018dec800 JavaThread "Signal Dispatcher" daemon [_thread_blocked, id=12456, stack(0x000000001a130000,0x000000001a230000)]
  0x0000000002d9c000 JavaThread "Finalizer" daemon [_thread_blocked, id=1336, stack(0x0000000019f30000,0x000000001a030000)]
  0x0000000002d91000 JavaThread "Reference Handler" daemon [_thread_blocked, id=4528, stack(0x0000000019e30000,0x0000000019f30000)]
=>0x0000000002ca2800 JavaThread "main" [_thread_in_native, id=12220, stack(0x0000000002b00000,0x0000000002c00000)]

Other Threads:
  0x0000000018db7000 VMThread [stack: 0x0000000019d30000,0x0000000019e30000] [id=12036]
  0x000000001a67a000 WatcherThread [stack: 0x000000001aef0000,0x000000001aff0000] [id=13640]

VM state:not at safepoint (normal execution)

VM Mutex/Monitor currently owned by a thread: None

Heap:
 PSYoungGen      total 47616K, used 7411K [0x000000078ac00000, 0x000000078e100000, 0x00000007c0000000)
  eden space 40960K, 18% used [0x000000078ac00000,0x000000078b33cd68,0x000000078d400000)
  from space 6656K, 0% used [0x000000078da80000,0x000000078da80000,0x000000078e100000)
  to   space 6656K, 0% used [0x000000078d400000,0x000000078d400000,0x000000078da80000)
 ParOldGen       total 109568K, used 0K [0x0000000720400000, 0x0000000726f00000, 0x000000078ac00000)
  object space 109568K, 0% used [0x0000000720400000,0x0000000720400000,0x0000000726f00000)
 Metaspace       used 6333K, capacity 6514K, committed 6656K, reserved 1056768K
  class space    used 681K, capacity 733K, committed 768K, reserved 1048576K

Card table byte_map: [0x0000000003160000,0x0000000003660000] byte_map_base: 0xffffffffff85e000

Marking Bits: (ParMarkBitMap*) 0x0000000051bfc720
 Begin Bits: [0x0000000013c70000, 0x0000000016460000)
 End Bits:   [0x0000000016460000, 0x0000000018c50000)

Polling page: 0x00000000012b0000

CodeCache: size=245760Kb used=2252Kb max_used=2252Kb free=243507Kb
 bounds [0x0000000004c70000, 0x0000000004ee0000, 0x0000000013c70000]
 total_blobs=1150 nmethods=443 adapters=620
 compilation: enabled

Compilation events (10 events):
Event: 5.684 Thread 0x0000000018df8000  439       3       java.util.zip.InflaterInputStream::read (32 bytes)
Event: 5.684 Thread 0x0000000018df8000 nmethod 439 0x0000000004e9a710 code [0x0000000004e9a8a0, 0x0000000004e9ad18]
Event: 5.684 Thread 0x0000000018df8000  440   !   3       java.net.URL::set (114 bytes)
Event: 5.685 Thread 0x0000000018df8000 nmethod 440 0x0000000004e9aed0 code [0x0000000004e9b0c0, 0x0000000004e9bc18]
Event: 5.686 Thread 0x0000000018df8000  441   !   3       java.net.URL::<init> (543 bytes)
Event: 5.688 Thread 0x0000000018df8000 nmethod 441 0x0000000004e9c250 code [0x0000000004e9c700, 0x0000000004e9f7b8]
Event: 5.688 Thread 0x0000000018df8000  443       3       java.util.WeakHashMap::remove (133 bytes)
Event: 5.689 Thread 0x0000000018df8000 nmethod 443 0x0000000004ea1ad0 code [0x0000000004ea1cc0, 0x0000000004ea27a8]
Event: 5.689 Thread 0x0000000018df8000  442   !   3       java.util.zip.ZipFile$ZipFileInputStream::close (110 bytes)
Event: 5.689 Thread 0x0000000018df8000 nmethod 442 0x0000000004ea2c10 code [0x0000000004ea2dc0, 0x0000000004ea35f8]

GC Heap History (0 events):
No events

Deoptimization events (0 events):
No events

Internal exceptions (10 events):
Event: 0.118 Thread 0x0000000002ca2800 Exception <a 'java/security/PrivilegedActionException'> (0x000000078ae25c10) thrown at [C:\re\workspace\8-2-build-windows-amd64-cygwin\jdk8u131\8869\hotspot\src\share\vm\prims\jvm.cpp, line 1390]
Event: 0.150 Thread 0x0000000002ca2800 Exception <a 'java/lang/NoSuchFieldError': method resolution failed> (0x000000078aef6190) thrown at [C:\re\workspace\8-2-build-windows-amd64-cygwin\jdk8u131\8869\hotspot\src\share\vm\prims\methodHandles.cpp, line 1146]
Event: 0.152 Thread 0x0000000002ca2800 Exception <a 'java/lang/NoSuchFieldError': method resolution failed> (0x000000078af034e0) thrown at [C:\re\workspace\8-2-build-windows-amd64-cygwin\jdk8u131\8869\hotspot\src\share\vm\prims\methodHandles.cpp, line 1146]
Event: 5.528 Thread 0x0000000002ca2800 Exception <a 'java/io/FileNotFoundException'> (0x000000078b21f330) thrown at [C:\re\workspace\8-2-build-windows-amd64-cygwin\jdk8u131\8869\hotspot\src\share\vm\prims\jni.cpp, line 709]
Event: 5.685 Thread 0x0000000002ca2800 Exception <a 'sun/nio/fs/WindowsException'> (0x000000078b31b3d8) thrown at [C:\re\workspace\8-2-build-windows-amd64-cygwin\jdk8u131\8869\hotspot\src\share\vm\prims\jni.cpp, line 709]
Event: 5.685 Thread 0x0000000002ca2800 Exception <a 'sun/nio/fs/WindowsException'> (0x000000078b31bc08) thrown at [C:\re\workspace\8-2-build-windows-amd64-cygwin\jdk8u131\8869\hotspot\src\share\vm\prims\jni.cpp, line 709]
Event: 5.685 Thread 0x0000000002ca2800 Exception <a 'sun/nio/fs/WindowsException'> (0x000000078b31e4f0) thrown at [C:\re\workspace\8-2-build-windows-amd64-cygwin\jdk8u131\8869\hotspot\src\share\vm\prims\jni.cpp, line 709]
Event: 5.685 Thread 0x0000000002ca2800 Exception <a 'sun/nio/fs/WindowsException'> (0x000000078b31ea18) thrown at [C:\re\workspace\8-2-build-windows-amd64-cygwin\jdk8u131\8869\hotspot\src\share\vm\prims\jni.cpp, line 709]
Event: 5.685 Thread 0x0000000002ca2800 Exception <a 'sun/nio/fs/WindowsException'> (0x000000078b31f3f0) thrown at [C:\re\workspace\8-2-build-windows-amd64-cygwin\jdk8u131\8869\hotspot\src\share\vm\prims\jni.cpp, line 709]
Event: 5.686 Thread 0x0000000002ca2800 Exception <a 'sun/nio/fs/WindowsException'> (0x000000078b31f880) thrown at [C:\re\workspace\8-2-build-windows-amd64-cygwin\jdk8u131\8869\hotspot\src\share\vm\prims\jni.cpp, line 709]

Events (10 events):
Event: 5.685 loading class java/nio/file/NoSuchFileException
Event: 5.685 loading class java/nio/file/FileSystemException
Event: 5.685 loading class java/nio/file/FileSystemException done
Event: 5.685 loading class java/nio/file/NoSuchFileException done
Event: 5.686 loading class org/lwjgl/opengl/GL$1
Event: 5.686 loading class org/lwjgl/opengl/GL$1 done
Event: 5.686 loading class org/lwjgl/opengl/GL$SharedLibraryGL
Event: 5.686 loading class org/lwjgl/opengl/GL$SharedLibraryGL done
Event: 5.686 loading class org/lwjgl/system/SharedLibrary$Delegate
Event: 5.686 loading class org/lwjgl/system/SharedLibrary$Delegate done


Dynamic libraries:
0x00007ff75e240000 - 0x00007ff75e277000 	C:\Program Files\Java\jre1.8.0_131\bin\javaw.exe
0x00007ffd1a9b0000 - 0x00007ffd1ab81000 	C:\WINDOWS\SYSTEM32\ntdll.dll
0x00007ffd1a5f0000 - 0x00007ffd1a69c000 	C:\WINDOWS\System32\KERNEL32.DLL
0x00007ffd170b0000 - 0x00007ffd172cd000 	C:\WINDOWS\System32\KERNELBASE.dll
0x00007ffd1a700000 - 0x00007ffd1a7a2000 	C:\WINDOWS\System32\ADVAPI32.dll
0x00007ffd1a7f0000 - 0x00007ffd1a88e000 	C:\WINDOWS\System32\msvcrt.dll
0x00007ffd185e0000 - 0x00007ffd18639000 	C:\WINDOWS\System32\sechost.dll
0x00007ffd18fb0000 - 0x00007ffd190d1000 	C:\WINDOWS\System32\RPCRT4.dll
0x00007ffd18640000 - 0x00007ffd187a5000 	C:\WINDOWS\System32\USER32.dll
0x00007ffd17580000 - 0x00007ffd1759e000 	C:\WINDOWS\System32\win32u.dll
0x00007ffd1a7b0000 - 0x00007ffd1a7e4000 	C:\WINDOWS\System32\GDI32.dll
0x00007ffd172d0000 - 0x00007ffd17452000 	C:\WINDOWS\System32\gdi32full.dll
0x00007ffd0dfc0000 - 0x00007ffd0e23a000 	C:\WINDOWS\WinSxS\amd64_microsoft.windows.common-controls_6595b64144ccf1df_6.0.14393.953_none_42151e83c686086b\COMCTL32.dll
0x00007ffd18a10000 - 0x00007ffd18cd8000 	C:\WINDOWS\System32\combase.dll
0x00007ffd176f0000 - 0x00007ffd177e5000 	C:\WINDOWS\System32\ucrtbase.dll
0x00007ffd17510000 - 0x00007ffd1757a000 	C:\WINDOWS\System32\bcryptPrimitives.dll
0x00007ffd18840000 - 0x00007ffd1886e000 	C:\WINDOWS\System32\IMM32.DLL
0x0000000052740000 - 0x00000000527ac000 	c:\program files (x86)\internetbeveiliging\apps\computersecurity\hips\fshook64.dll
0x00007ffd1a900000 - 0x00007ffd1a908000 	C:\WINDOWS\System32\PSAPI.DLL
0x0000000051220000 - 0x00000000512f2000 	C:\Program Files\Java\jre1.8.0_131\bin\msvcr100.dll
0x00000000513e0000 - 0x0000000051c7c000 	C:\Program Files\Java\jre1.8.0_131\bin\server\jvm.dll
0x00007ffd0c5c0000 - 0x00007ffd0c5c9000 	C:\WINDOWS\SYSTEM32\WSOCK32.dll
0x00007ffd15270000 - 0x00007ffd15293000 	C:\WINDOWS\SYSTEM32\WINMM.dll
0x00007ffd0fdd0000 - 0x00007ffd0fdda000 	C:\WINDOWS\SYSTEM32\VERSION.dll
0x00007ffd187d0000 - 0x00007ffd1883a000 	C:\WINDOWS\System32\WS2_32.dll
0x0000000001260000 - 0x000000000128b000 	C:\WINDOWS\SYSTEM32\WINMMBASE.dll
0x00007ffd17ed0000 - 0x00007ffd17f12000 	C:\WINDOWS\System32\cfgmgr32.dll
0x00000000513d0000 - 0x00000000513df000 	C:\Program Files\Java\jre1.8.0_131\bin\verify.dll
0x00000000513a0000 - 0x00000000513c9000 	C:\Program Files\Java\jre1.8.0_131\bin\java.dll
0x0000000051380000 - 0x0000000051396000 	C:\Program Files\Java\jre1.8.0_131\bin\zip.dll
0x00007ffd190e0000 - 0x00007ffd1a5e8000 	C:\WINDOWS\System32\SHELL32.dll
0x00007ffd177f0000 - 0x00007ffd17eca000 	C:\WINDOWS\System32\windows.storage.dll
0x00007ffd16df0000 - 0x00007ffd16e3c000 	C:\WINDOWS\System32\powrprof.dll
0x00007ffd1a8a0000 - 0x00007ffd1a8f2000 	C:\WINDOWS\System32\shlwapi.dll
0x00007ffd16e50000 - 0x00007ffd16e5f000 	C:\WINDOWS\System32\kernel.appcore.dll
0x00007ffd17460000 - 0x00007ffd17509000 	C:\WINDOWS\System32\shcore.dll
0x00007ffd16e60000 - 0x00007ffd16e74000 	C:\WINDOWS\System32\profapi.dll
0x0000000051360000 - 0x000000005137a000 	C:\Program Files\Java\jre1.8.0_131\bin\net.dll
0x00007ffd16720000 - 0x00007ffd1677c000 	C:\WINDOWS\system32\mswsock.dll
0x0000000051340000 - 0x0000000051351000 	C:\Program Files\Java\jre1.8.0_131\bin\nio.dll
0x00007ffd01aa0000 - 0x00007ffd01af7000 	C:\Users\gebruiker\AppData\Local\Temp\lwjglgebruiker\3.1.1-build-16\lwjgl.dll
0x00007ffd168e0000 - 0x00007ffd168eb000 	C:\WINDOWS\SYSTEM32\CRYPTBASE.DLL
0x00007ffcfc1b0000 - 0x00007ffcfc1ee000 	C:\Users\GEBRUI~1\AppData\Local\Temp\lwjglgebruiker\3.1.1-build-16\jemalloc.dll
0x00007ffcfb2a0000 - 0x00007ffcfb2dc000 	C:\Users\GEBRUI~1\AppData\Local\Temp\lwjglgebruiker\3.1.1-build-16\glfw.dll
0x00007ffd15570000 - 0x00007ffd15605000 	C:\WINDOWS\system32\uxtheme.dll
0x00007ffcfb260000 - 0x00007ffcfb2a0000 	C:\WINDOWS\SYSTEM32\dinput8.dll
0x00007ffd06ec0000 - 0x00007ffd06ece000 	C:\WINDOWS\SYSTEM32\xinput1_4.dll
0x00007ffd15ab0000 - 0x00007ffd15ad8000 	C:\WINDOWS\SYSTEM32\DEVOBJ.dll
0x00007ffd14f30000 - 0x00007ffd14f56000 	C:\WINDOWS\SYSTEM32\dwmapi.dll
0x00007ffd15cd0000 - 0x00007ffd15cdc000 	C:\WINDOWS\SYSTEM32\HID.DLL
0x00007ffd180f0000 - 0x00007ffd18519000 	C:\WINDOWS\System32\SETUPAPI.DLL
0x00007ffd17050000 - 0x00007ffd170a5000 	C:\WINDOWS\System32\WINTRUST.dll
0x00007ffd16e40000 - 0x00007ffd16e50000 	C:\WINDOWS\System32\MSASN1.dll
0x00007ffd16e80000 - 0x00007ffd17049000 	C:\WINDOWS\System32\CRYPT32.dll
0x00007ffd17f90000 - 0x00007ffd180ea000 	C:\WINDOWS\System32\MSCTF.dll
0x00007ffd18520000 - 0x00007ffd185df000 	C:\WINDOWS\System32\OLEAUT32.dll
0x00007ffd17650000 - 0x00007ffd176ec000 	C:\WINDOWS\System32\msvcp_win.dll
0x00007ffce8dc0000 - 0x00007ffce8ee3000 	C:\WINDOWS\SYSTEM32\opengl32.dll
0x00007ffcf6c60000 - 0x00007ffcf6d57000 	C:\WINDOWS\SYSTEM32\DDRAW.dll
0x00007ffd06d30000 - 0x00007ffd06d5d000 	C:\WINDOWS\SYSTEM32\GLU32.dll
0x00007ffd04020000 - 0x00007ffd04028000 	C:\WINDOWS\SYSTEM32\DCIMAN32.dll
0x0000000075e60000 - 0x0000000077ff8000 	C:\WINDOWS\SYSTEM32\nvoglv64.DLL
0x00007ffd14750000 - 0x00007ffd14763000 	C:\WINDOWS\SYSTEM32\WTSAPI32.dll
0x00007ffd16190000 - 0x00007ffd161c2000 	C:\WINDOWS\SYSTEM32\ntmarta.dll
0x00007ffd16300000 - 0x00007ffd16356000 	C:\WINDOWS\SYSTEM32\WINSTA.dll
0x0000000052390000 - 0x0000000052528000 	C:\Program Files\Java\jre1.8.0_131\bin\awt.dll
0x00007ffd15390000 - 0x00007ffd1540a000 	C:\WINDOWS\SYSTEM32\apphelp.dll
0x00007ffd01c00000 - 0x00007ffd01c5f000 	C:\Users\gebruiker\AppData\Local\Temp\lwjglgebruiker\3.1.1-build-16\lwjgl_opengl.dll
0x00007ffd08fd0000 - 0x00007ffd09162000 	C:\WINDOWS\SYSTEM32\dbghelp.dll

VM Arguments:
jvm_args: -Dfile.encoding=Cp1252 
java_command: me.newo2001.Main
java_class_path (initial): D:\Coding\Github\JPAWN;D:\Coding\Github\LWJGL\lwjgl.jar;D:\Coding\Github\LWJGL\lwjgl-assimp.jar;D:\Coding\Github\LWJGL\lwjgl-assimp-javadoc.jar;D:\Coding\Github\LWJGL\lwjgl-assimp-natives-windows.jar;D:\Coding\Github\LWJGL\lwjgl-bgfx.jar;D:\Coding\Github\LWJGL\lwjgl-bgfx-javadoc.jar;D:\Coding\Github\LWJGL\lwjgl-bgfx-natives-windows.jar;D:\Coding\Github\LWJGL\lwjgl-egl.jar;D:\Coding\Github\LWJGL\lwjgl-egl-javadoc.jar;D:\Coding\Github\LWJGL\lwjgl-glfw.jar;D:\Coding\Github\LWJGL\lwjgl-glfw-javadoc.jar;D:\Coding\Github\LWJGL\lwjgl-glfw-natives-windows.jar;D:\Coding\Github\LWJGL\lwjgl-javadoc.jar;D:\Coding\Github\LWJGL\lwjgl-jawt.jar;D:\Coding\Github\LWJGL\lwjgl-jawt-javadoc.jar;D:\Coding\Github\LWJGL\lwjgl-jemalloc.jar;D:\Coding\Github\LWJGL\lwjgl-jemalloc-javadoc.jar;D:\Coding\Github\LWJGL\lwjgl-jemalloc-natives-windows.jar;D:\Coding\Github\LWJGL\lwjgl-lmdb.jar;D:\Coding\Github\LWJGL\lwjgl-lmdb-javadoc.jar;D:\Coding\Github\LWJGL\lwjgl-lmdb-natives-windows.jar;D:\Coding\Github\LWJGL\lwjgl-nanovg.jar;D:\Coding\Github\LWJGL\lwjgl-nanovg-javadoc.jar;D:\Coding\Github\LWJGL\lwjgl-nanovg-natives-windows.jar;D:\Coding\Github\LWJGL\lwjgl-natives-windows.jar;D:\Coding\Github\LWJGL\lwjgl-nfd.jar;D:\Coding\Github\LWJGL\lwjgl-nfd-javadoc.jar;D:\Coding\Github\LWJGL\lwjgl-nfd-natives-windows.jar;D:\Coding\Github\LWJGL\lwjgl-nuklear.jar;D:\Coding\Github\LWJGL\lwjgl-nuklear-javadoc.jar;D:\Coding\Github\LWJGL\lwjgl-nuklear-natives-windows.jar;D:\Coding\Github\LWJGL\lwjgl-openal.jar;D:\Coding\Github\LWJGL\lwjgl-openal-javadoc.jar;D:\Coding\Github\LWJGL\lwjgl-openal-natives-windows.jar;D:\Coding\Github\LWJGL\lwjgl-opencl.jar;D:\Coding\Github\LWJGL\lwjgl-opencl-javadoc.jar;D:\Coding\Github\LWJGL\lwjgl-opengl.jar;D:\Coding\Github\LWJGL\lwjgl-opengles.jar;D:\Coding\Github\LWJGL\lwjgl-opengles-javadoc.jar;D:\Coding\Github\LWJGL\lwjgl-opengles-natives-windows.jar;D:\Coding\Github\LWJGL\lwjgl-opengl-javadoc.jar;D:\Coding\Github\LWJGL\lwjgl-opengl-natives-windows.jar
Launcher Type: SUN_STANDARD

Environment Variables:
JAVA_HOME=C:\Program Files\Java\jdk1.8.0_45
PATH=C:/Program Files/Java/jre1.8.0_131/bin/server;C:/Program Files/Java/jre1.8.0_131/bin;C:/Program Files/Java/jre1.8.0_131/lib/amd64;C:\ProgramData\Oracle\Java\javapath;C:\Program Files\Common Files\Microsoft Shared\Windows Live;C:\Program Files (x86)\Common Files\Microsoft Shared\Windows Live;C:\Program Files (x86)\AMD APP\bin\x86_64;C:\Program Files (x86)\AMD APP\bin\x86;C:\WINDOWS\system32;C:\WINDOWS;C:\WINDOWS\System32\Wbem;C:\WINDOWS\System32\WindowsPowerShell\v1.0\;C:\Program Files (x86)\ATI Technologies\ATI.ACE\Core-Static;C:\Program Files (x86)\Windows Live\Shared;C:\Users\gebruiker\.dnx\bin;C:\Program Files\Microsoft DNX\Dnvm\;C:\Program Files\Microsoft SQL Server\120\Tools\Binn\;C:\Program Files\apache-maven-3.3.9\bin;C:\Program Files\nodejs\;C:\Program Files (x86)\Heroku\bin;C:\Program Files (x86)\git\cmd;C:\Program Files (x86)\Git\cmd;C:\Program Files (x86)\NVIDIA Corporation\PhysX\Common;C:\Program Files (x86)\Skype\Phone\;C:\Program Files\Java\jdk1.8.0_45\bin;C:\Users\gebruiker\AppData\Local\atom\bin;C:\Users\gebruiker\AppData\Local\Microsoft\WindowsApps;C:\Users\gebruiker\AppData\Roaming\npm;C:\Program Files (x86)\Steam\steamapps\common\Counter-Strike Global Offensive\..\bin;D:\Coding\Java\eclipse;
USERNAME=gebruiker
OS=Windows_NT
PROCESSOR_IDENTIFIER=Intel64 Family 6 Model 42 Stepping 7, GenuineIntel



---------------  S Y S T E M  ---------------

OS: Windows 10.0 , 64 bit Build 14393 (10.0.14393.1198)

CPU:total 4 (initial active 4) (4 cores per cpu, 1 threads per core) family 6 model 42 stepping 7, cmov, cx8, fxsr, mmx, sse, sse2, sse3, ssse3, sse4.1, sse4.2, popcnt, avx, aes, clmul, tsc, tscinvbit

Memory: 4k page, physical 10462640k(5921276k free), swap 20948400k(14633480k free)

vm_info: Java HotSpot(TM) 64-Bit Server VM (25.131-b11) for windows-amd64 JRE (1.8.0_131-b11), built on Mar 15 2017 01:23:53 by "java_re" with MS VC++ 10.0 (VS2010)

time: Fri May 26 20:25:36 2017
elapsed time: 5 seconds (0d 0h 0m 5s)

