#
# A fatal error has been detected by the Java Runtime Environment:
#
#  EXCEPTION_ACCESS_VIOLATION (0xc0000005) at pc=0x000000006b338690, pid=13536, tid=0x0000000000002970
#
# JRE version: Java(TM) SE Runtime Environment (8.0_131-b11) (build 1.8.0_131-b11)
# Java VM: Java HotSpot(TM) 64-Bit Server VM (25.131-b11 mixed mode windows-amd64 compressed oops)
# Problematic frame:
# C  [nvoglv64.DLL+0xf78690]
#
# Failed to write core dump. Minidumps are not enabled by default on client versions of Windows
#
# If you would like to submit a bug report, please visit:
#   http://bugreport.java.com/bugreport/crash.jsp
# The crash happened outside the Java Virtual Machine in native code.
# See problematic frame for where to report the bug.
#

---------------  T H R E A D  ---------------

Current thread (0x0000000002ed2800):  JavaThread "main" [_thread_in_native, id=10608, stack(0x0000000002d60000,0x0000000002e60000)]

siginfo: ExceptionCode=0xc0000005, reading address 0x000000000ca59000

Registers:
RAX=0x000000000ca598c0, RBX=0x000000000e2bb9a4, RCX=0x000000000e2bc140, RDX=0xfffffffffe79cf1c
RSP=0x0000000002e5f288, RBP=0x000000000ca588c0, RSI=0x0000000000001000, RDI=0x000000000d4ab080
R8 =0x0000000000000fe4, R9 =0x0000000000000011, R10=0x000000000ca588c0, R11=0x000000000e2bb9a4
R12=0x0000000000001908, R13=0x0000000000000000, R14=0x0000000000000010, R15=0x0000000000001404
RIP=0x000000006b338690, EFLAGS=0x0000000000010202

Top of Stack: (sp=0x0000000002e5f288)
0x0000000002e5f288:   000000006ab96b62 0000000000000010
0x0000000002e5f298:   0000000000000010 0000000002e5f338
0x0000000002e5f2a8:   0000000000000458 0000000000001908
0x0000000002e5f2b8:   0000000000001404 000000000ca588c0
0x0000000002e5f2c8:   00000000096794d8 0000000000001000
0x0000000002e5f2d8:   00000000095c7570 0000000002ed2800
0x0000000002e5f2e8:   0000000002e5f4a0 0000000009b7f420
0x0000000002e5f2f8:   0000000000000000 000000000ca588c0
0x0000000002e5f308:   0000000000000010 0000000002e5f438
0x0000000002e5f318:   00007fff89820a95 0000000000000de1
0x0000000002e5f328:   0000000000000001 0000000000001908
0x0000000002e5f338:   0000000000000de1 0000000000000010
0x0000000002e5f348:   0000000000000000 0000000000001908
0x0000000002e5f358:   0000000000001404 000000000ca588c0
0x0000000002e5f368:   000000000ca588c0 0000000009b7f420
0x0000000002e5f378:   000000000fac7f74 0000000000000010 

Instructions: (pc=0x000000006b338690)
0x000000006b338670:   0f 29 41 e0 0f 29 49 f0 0f 10 04 0a 0f 10 4c 0a
0x000000006b338680:   10 48 81 c1 80 00 00 00 0f 29 41 80 0f 29 49 90
0x000000006b338690:   0f 10 44 0a a0 0f 10 4c 0a b0 49 ff c9 0f 29 41
0x000000006b3386a0:   a0 0f 29 49 b0 0f 10 44 0a c0 0f 10 4c 0a d0 0f 


Register to memory mapping:

RAX=0x000000000ca598c0 is an unknown value
RBX=0x000000000e2bb9a4 is an unknown value
RCX=0x000000000e2bc140 is an unknown value
RDX=0xfffffffffe79cf1c is an unknown value
RSP=0x0000000002e5f288 is pointing into the stack for thread: 0x0000000002ed2800
RBP=0x000000000ca588c0 is an unknown value
RSI=0x0000000000001000 is an unknown value
RDI=0x000000000d4ab080 is an unknown value
R8 =0x0000000000000fe4 is an unknown value
R9 =0x0000000000000011 is an unknown value
R10=0x000000000ca588c0 is an unknown value
R11=0x000000000e2bb9a4 is an unknown value
R12=0x0000000000001908 is an unknown value
R13=0x0000000000000000 is an unknown value
R14=0x0000000000000010 is an unknown value
R15=0x0000000000001404 is an unknown value


Stack: [0x0000000002d60000,0x0000000002e60000],  sp=0x0000000002e5f288,  free space=1020k
Native frames: (J=compiled Java code, j=interpreted, Vv=VM code, C=native code)
C  [nvoglv64.DLL+0xf78690]
C  [nvoglv64.DLL+0x7d6b62]
C  [lwjgl_opengl.dll+0x10a95]
C  0x000000000fac7f74

Java frames: (J=compiled Java code, j=interpreted, Vv=VM code)
j  org.lwjgl.opengl.GL11.nglTexImage2D(IIIIIIIIJ)V+0
j  org.lwjgl.opengl.GL11.glTexImage2D(IIIIIIIILjava/nio/ByteBuffer;)V+17
j  me.newo2001.util.Geometry.drawText(IILjava/lang/String;I)V+103
j  me.newo2001.gui.GuiContainer.drawGui()V+229
j  me.newo2001.renderer.GuiRenderer.render()V+9
j  me.newo2001.renderer.Renderer.render()V+7
j  me.newo2001.Main.loop()V+21
j  me.newo2001.Main.run()V+37
j  me.newo2001.Main.main([Ljava/lang/String;)V+7
v  ~StubRoutines::call_stub

---------------  P R O C E S S  ---------------

Java Threads: ( => current thread )
  0x000000000c6ff000 JavaThread "Java2D Disposer" daemon [_thread_blocked, id=7220, stack(0x000000000ed50000,0x000000000ee50000)]
  0x000000000b8c5000 JavaThread "Service Thread" daemon [_thread_blocked, id=6496, stack(0x000000000bca0000,0x000000000bda0000)]
  0x0000000009f73000 JavaThread "C1 CompilerThread2" daemon [_thread_blocked, id=8, stack(0x000000000b7a0000,0x000000000b8a0000)]
  0x0000000009f42800 JavaThread "C2 CompilerThread1" daemon [_thread_blocked, id=736, stack(0x000000000b6a0000,0x000000000b7a0000)]
  0x0000000009f3e000 JavaThread "C2 CompilerThread0" daemon [_thread_blocked, id=12956, stack(0x000000000b5a0000,0x000000000b6a0000)]
  0x0000000009f3d000 JavaThread "Attach Listener" daemon [_thread_blocked, id=1112, stack(0x000000000b4a0000,0x000000000b5a0000)]
  0x0000000009f3b800 JavaThread "Signal Dispatcher" daemon [_thread_blocked, id=14152, stack(0x000000000b3a0000,0x000000000b4a0000)]
  0x0000000009f2a800 JavaThread "Finalizer" daemon [_thread_blocked, id=7996, stack(0x000000000b1a0000,0x000000000b2a0000)]
  0x0000000002fc1000 JavaThread "Reference Handler" daemon [_thread_blocked, id=8668, stack(0x000000000b0a0000,0x000000000b1a0000)]
=>0x0000000002ed2800 JavaThread "main" [_thread_in_native, id=10608, stack(0x0000000002d60000,0x0000000002e60000)]

Other Threads:
  0x0000000009f07000 VMThread [stack: 0x000000000afa0000,0x000000000b0a0000] [id=13512]
  0x000000000b8da000 WatcherThread [stack: 0x000000000c160000,0x000000000c260000] [id=13060]

VM state:not at safepoint (normal execution)

VM Mutex/Monitor currently owned by a thread: None

Heap:
 PSYoungGen      total 47616K, used 30508K [0x000000078ac00000, 0x000000078e100000, 0x00000007c0000000)
  eden space 40960K, 74% used [0x000000078ac00000,0x000000078c9cb270,0x000000078d400000)
  from space 6656K, 0% used [0x000000078da80000,0x000000078da80000,0x000000078e100000)
  to   space 6656K, 0% used [0x000000078d400000,0x000000078d400000,0x000000078da80000)
 ParOldGen       total 109568K, used 0K [0x0000000720400000, 0x0000000726f00000, 0x000000078ac00000)
  object space 109568K, 0% used [0x0000000720400000,0x0000000720400000,0x0000000726f00000)
 Metaspace       used 11565K, capacity 11725K, committed 11904K, reserved 1060864K
  class space    used 1054K, capacity 1126K, committed 1152K, reserved 1048576K

Card table byte_map: [0x0000000003460000,0x0000000003960000] byte_map_base: 0xffffffffffb5e000

Marking Bits: (ParMarkBitMap*) 0x000000006cd7c720
 Begin Bits: [0x00000000040c0000, 0x00000000068b0000)
 End Bits:   [0x00000000068b0000, 0x00000000090a0000)

Polling page: 0x0000000001510000

CodeCache: size=245760Kb used=3619Kb max_used=3647Kb free=242140Kb
 bounds [0x000000000fab0000, 0x000000000fe50000, 0x000000001eab0000]
 total_blobs=1850 nmethods=917 adapters=846
 compilation: enabled

Compilation events (10 events):
Event: 3.101 Thread 0x0000000009f73000 nmethod 913 0x000000000fe31dd0 code [0x000000000fe31f40, 0x000000000fe32330]
Event: 3.101 Thread 0x0000000009f73000  914   !   3       java.lang.Thread::blockedOn (23 bytes)
Event: 3.101 Thread 0x0000000009f73000 nmethod 914 0x000000000fe32490 code [0x000000000fe32600, 0x000000000fe32910]
Event: 3.101 Thread 0x0000000009f73000  915       3       sun.nio.ch.FileChannelImpl::ensureOpen (16 bytes)
Event: 3.101 Thread 0x0000000009f73000 nmethod 915 0x000000000fe329d0 code [0x000000000fe32b40, 0x000000000fe32de8]
Event: 3.101 Thread 0x0000000009f73000  916   !   3       sun.nio.ch.NativeThreadSet::remove (50 bytes)
Event: 3.101 Thread 0x0000000009f73000 nmethod 916 0x000000000fe32ed0 code [0x000000000fe33040, 0x000000000fe334a8]
Event: 3.101 Thread 0x0000000009f73000  917       3       java.nio.channels.spi.AbstractInterruptibleChannel::begin (48 bytes)
Event: 3.102 Thread 0x0000000009f73000 nmethod 917 0x000000000fe33650 code [0x000000000fe33820, 0x000000000fe34158]
Event: 3.151 Thread 0x0000000009f42800 nmethod 900 0x000000000fe3b410 code [0x000000000fe3b680, 0x000000000fe3f8a8]

GC Heap History (0 events):
No events

Deoptimization events (3 events):
Event: 2.144 Thread 0x0000000002ed2800 Uncommon trap: reason=unstable_if action=reinterpret pc=0x000000000fc3c888 method=java.lang.String.indexOf([CII[CIII)I @ 3
Event: 2.527 Thread 0x0000000002ed2800 Uncommon trap: reason=unstable_if action=reinterpret pc=0x000000000fd94814 method=java.lang.StrictMath.floorOrCeil(DDDD)D @ 8
Event: 2.527 Thread 0x0000000002ed2800 Uncommon trap: reason=unstable_if action=reinterpret pc=0x000000000fd93d70 method=java.lang.StrictMath.floorOrCeil(DDDD)D @ 8

Internal exceptions (10 events):
Event: 0.159 Thread 0x0000000002ed2800 Exception <a 'java/lang/NoSuchFieldError': method resolution failed> (0x000000078aef40e8) thrown at [C:\re\workspace\8-2-build-windows-amd64-cygwin\jdk8u131\8869\hotspot\src\share\vm\prims\methodHandles.cpp, line 1146]
Event: 0.160 Thread 0x0000000002ed2800 Exception <a 'java/lang/NoSuchFieldError': method resolution failed> (0x000000078af01438) thrown at [C:\re\workspace\8-2-build-windows-amd64-cygwin\jdk8u131\8869\hotspot\src\share\vm\prims\methodHandles.cpp, line 1146]
Event: 2.117 Thread 0x0000000002ed2800 Exception <a 'java/io/FileNotFoundException'> (0x000000078b232e60) thrown at [C:\re\workspace\8-2-build-windows-amd64-cygwin\jdk8u131\8869\hotspot\src\share\vm\prims\jni.cpp, line 709]
Event: 2.195 Thread 0x0000000002ed2800 Exception <a 'sun/nio/fs/WindowsException'> (0x000000078b716bf8) thrown at [C:\re\workspace\8-2-build-windows-amd64-cygwin\jdk8u131\8869\hotspot\src\share\vm\prims\jni.cpp, line 709]
Event: 2.195 Thread 0x0000000002ed2800 Exception <a 'sun/nio/fs/WindowsException'> (0x000000078b717238) thrown at [C:\re\workspace\8-2-build-windows-amd64-cygwin\jdk8u131\8869\hotspot\src\share\vm\prims\jni.cpp, line 709]
Event: 2.196 Thread 0x0000000002ed2800 Exception <a 'sun/nio/fs/WindowsException'> (0x000000078b719c10) thrown at [C:\re\workspace\8-2-build-windows-amd64-cygwin\jdk8u131\8869\hotspot\src\share\vm\prims\jni.cpp, line 709]
Event: 2.196 Thread 0x0000000002ed2800 Exception <a 'sun/nio/fs/WindowsException'> (0x000000078b71a138) thrown at [C:\re\workspace\8-2-build-windows-amd64-cygwin\jdk8u131\8869\hotspot\src\share\vm\prims\jni.cpp, line 709]
Event: 2.196 Thread 0x0000000002ed2800 Exception <a 'sun/nio/fs/WindowsException'> (0x000000078b71ab10) thrown at [C:\re\workspace\8-2-build-windows-amd64-cygwin\jdk8u131\8869\hotspot\src\share\vm\prims\jni.cpp, line 709]
Event: 2.196 Thread 0x0000000002ed2800 Exception <a 'sun/nio/fs/WindowsException'> (0x000000078b71afa0) thrown at [C:\re\workspace\8-2-build-windows-amd64-cygwin\jdk8u131\8869\hotspot\src\share\vm\prims\jni.cpp, line 709]
Event: 3.074 Thread 0x0000000002ed2800 Exception <a 'java/io/FileNotFoundException'> (0x000000078c8de458) thrown at [C:\re\workspace\8-2-build-windows-amd64-cygwin\jdk8u131\8869\hotspot\src\share\vm\prims\jni.cpp, line 709]

Events (10 events):
Event: 3.097 loading class java/nio/ByteBufferAsCharBufferB
Event: 3.097 loading class java/nio/ByteBufferAsCharBufferB done
Event: 3.098 loading class sun/font/FileFontStrike
Event: 3.098 loading class sun/font/FileFontStrike done
Event: 3.098 loading class sun/font/FontScaler
Event: 3.099 loading class sun/font/FontScaler done
Event: 3.099 loading class sun/font/T2KFontScaler
Event: 3.099 loading class sun/font/T2KFontScaler done
Event: 3.099 loading class sun/font/T2KFontScaler$1
Event: 3.099 loading class sun/font/T2KFontScaler$1 done


Dynamic libraries:
0x00007ff665740000 - 0x00007ff665777000 	C:\Program Files\Java\jre1.8.0_131\bin\javaw.exe
0x00007fffa7020000 - 0x00007fffa71f1000 	C:\WINDOWS\SYSTEM32\ntdll.dll
0x00007fffa6ec0000 - 0x00007fffa6f6c000 	C:\WINDOWS\System32\KERNEL32.DLL
0x00007fffa4130000 - 0x00007fffa434d000 	C:\WINDOWS\System32\KERNELBASE.dll
0x00007fffa4890000 - 0x00007fffa4932000 	C:\WINDOWS\System32\ADVAPI32.dll
0x00007fffa6f70000 - 0x00007fffa700e000 	C:\WINDOWS\System32\msvcrt.dll
0x00007fffa6a40000 - 0x00007fffa6a99000 	C:\WINDOWS\System32\sechost.dll
0x00007fffa4e90000 - 0x00007fffa4fb1000 	C:\WINDOWS\System32\RPCRT4.dll
0x00007fffa45f0000 - 0x00007fffa4755000 	C:\WINDOWS\System32\USER32.dll
0x00007fffa3590000 - 0x00007fffa35ae000 	C:\WINDOWS\System32\win32u.dll
0x00007fffa4850000 - 0x00007fffa4884000 	C:\WINDOWS\System32\GDI32.dll
0x00007fffa4350000 - 0x00007fffa44d2000 	C:\WINDOWS\System32\gdi32full.dll
0x00007fff9b330000 - 0x00007fff9b5aa000 	C:\WINDOWS\WinSxS\amd64_microsoft.windows.common-controls_6595b64144ccf1df_6.0.14393.953_none_42151e83c686086b\COMCTL32.dll
0x00007fffa4a80000 - 0x00007fffa4d48000 	C:\WINDOWS\System32\combase.dll
0x00007fffa4030000 - 0x00007fffa4125000 	C:\WINDOWS\System32\ucrtbase.dll
0x00007fffa3600000 - 0x00007fffa366a000 	C:\WINDOWS\System32\bcryptPrimitives.dll
0x00007fffa4a50000 - 0x00007fffa4a7e000 	C:\WINDOWS\System32\IMM32.DLL
0x000000006d630000 - 0x000000006d69c000 	c:\program files (x86)\internetbeveiliging\apps\computersecurity\hips\fshook64.dll
0x00007fffa6970000 - 0x00007fffa6978000 	C:\WINDOWS\System32\PSAPI.DLL
0x000000006d550000 - 0x000000006d622000 	C:\Program Files\Java\jre1.8.0_131\bin\msvcr100.dll
0x000000006c560000 - 0x000000006cdfc000 	C:\Program Files\Java\jre1.8.0_131\bin\server\jvm.dll
0x00007fff964a0000 - 0x00007fff964a9000 	C:\WINDOWS\SYSTEM32\WSOCK32.dll
0x00007fffa47e0000 - 0x00007fffa484a000 	C:\WINDOWS\System32\WS2_32.dll
0x00007fffa1070000 - 0x00007fffa1093000 	C:\WINDOWS\SYSTEM32\WINMM.dll
0x00007fff9b920000 - 0x00007fff9b92a000 	C:\WINDOWS\SYSTEM32\VERSION.dll
0x00007fffa1040000 - 0x00007fffa106b000 	C:\WINDOWS\SYSTEM32\WINMMBASE.dll
0x00007fffa35b0000 - 0x00007fffa35f2000 	C:\WINDOWS\System32\cfgmgr32.dll
0x000000006d8d0000 - 0x000000006d8df000 	C:\Program Files\Java\jre1.8.0_131\bin\verify.dll
0x000000006d8a0000 - 0x000000006d8c9000 	C:\Program Files\Java\jre1.8.0_131\bin\java.dll
0x000000006d880000 - 0x000000006d896000 	C:\Program Files\Java\jre1.8.0_131\bin\zip.dll
0x00007fffa5450000 - 0x00007fffa6958000 	C:\WINDOWS\System32\SHELL32.dll
0x00007fffa3950000 - 0x00007fffa402a000 	C:\WINDOWS\System32\windows.storage.dll
0x00007fffa34a0000 - 0x00007fffa34ec000 	C:\WINDOWS\System32\powrprof.dll
0x00007fffa4780000 - 0x00007fffa47d2000 	C:\WINDOWS\System32\shlwapi.dll
0x00007fffa3460000 - 0x00007fffa346f000 	C:\WINDOWS\System32\kernel.appcore.dll
0x00007fffa44e0000 - 0x00007fffa4589000 	C:\WINDOWS\System32\shcore.dll
0x00007fffa3480000 - 0x00007fffa3494000 	C:\WINDOWS\System32\profapi.dll
0x000000006d860000 - 0x000000006d87a000 	C:\Program Files\Java\jre1.8.0_131\bin\net.dll
0x00007fffa2a30000 - 0x00007fffa2a8c000 	C:\WINDOWS\system32\mswsock.dll
0x000000006d840000 - 0x000000006d851000 	C:\Program Files\Java\jre1.8.0_131\bin\nio.dll
0x00007fff922d0000 - 0x00007fff92327000 	C:\Users\gebruiker\AppData\Local\Temp\lwjglgebruiker\3.1.1-build-16\lwjgl.dll
0x00007fffa2bd0000 - 0x00007fffa2bdb000 	C:\WINDOWS\SYSTEM32\CRYPTBASE.DLL
0x00007fff93480000 - 0x00007fff934be000 	C:\Users\GEBRUI~1\AppData\Local\Temp\lwjglgebruiker\3.1.1-build-16\jemalloc.dll
0x00007fff8ecc0000 - 0x00007fff8ecfc000 	C:\Users\GEBRUI~1\AppData\Local\Temp\lwjglgebruiker\3.1.1-build-16\glfw.dll
0x00007fffa1930000 - 0x00007fffa19c5000 	C:\WINDOWS\system32\uxtheme.dll
0x00007fff89870000 - 0x00007fff898b0000 	C:\WINDOWS\SYSTEM32\dinput8.dll
0x00007fffa11f0000 - 0x00007fffa11fe000 	C:\WINDOWS\SYSTEM32\xinput1_4.dll
0x00007fffa1d60000 - 0x00007fffa1d88000 	C:\WINDOWS\SYSTEM32\DEVOBJ.dll
0x00007fffa0450000 - 0x00007fffa0476000 	C:\WINDOWS\SYSTEM32\dwmapi.dll
0x00007fffa2010000 - 0x00007fffa201c000 	C:\WINDOWS\SYSTEM32\HID.DLL
0x00007fffa5020000 - 0x00007fffa5449000 	C:\WINDOWS\System32\SETUPAPI.DLL
0x00007fffa3670000 - 0x00007fffa36c5000 	C:\WINDOWS\System32\WINTRUST.dll
0x00007fffa3470000 - 0x00007fffa3480000 	C:\WINDOWS\System32\MSASN1.dll
0x00007fffa3780000 - 0x00007fffa3949000 	C:\WINDOWS\System32\CRYPT32.dll
0x00007fffa6bc0000 - 0x00007fffa6d1a000 	C:\WINDOWS\System32\MSCTF.dll
0x00007fffa6980000 - 0x00007fffa6a3f000 	C:\WINDOWS\System32\OLEAUT32.dll
0x00007fffa34f0000 - 0x00007fffa358c000 	C:\WINDOWS\System32\msvcp_win.dll
0x00007fff82f50000 - 0x00007fff83073000 	C:\WINDOWS\SYSTEM32\opengl32.dll
0x00007fff9e6b0000 - 0x00007fff9e6dd000 	C:\WINDOWS\SYSTEM32\GLU32.dll
0x00007fff842b0000 - 0x00007fff843a7000 	C:\WINDOWS\SYSTEM32\DDRAW.dll
0x00007fff9cb10000 - 0x00007fff9cb18000 	C:\WINDOWS\SYSTEM32\DCIMAN32.dll
0x000000006a3c0000 - 0x000000006c558000 	C:\WINDOWS\SYSTEM32\nvoglv64.DLL
0x00007fff9fc00000 - 0x00007fff9fc13000 	C:\WINDOWS\SYSTEM32\WTSAPI32.dll
0x00007fffa2500000 - 0x00007fffa2532000 	C:\WINDOWS\SYSTEM32\ntmarta.dll
0x00007fffa2dd0000 - 0x00007fffa2e26000 	C:\WINDOWS\SYSTEM32\WINSTA.dll
0x000000006d3b0000 - 0x000000006d548000 	C:\Program Files\Java\jre1.8.0_131\bin\awt.dll
0x00007fffa1890000 - 0x00007fffa190a000 	C:\WINDOWS\SYSTEM32\apphelp.dll
0x00007fffa2ec0000 - 0x00007fffa2ed7000 	C:\WINDOWS\SYSTEM32\CRYPTSP.dll
0x00007fffa2630000 - 0x00007fffa2663000 	C:\WINDOWS\system32\rsaenh.dll
0x00007fffa3230000 - 0x00007fffa325b000 	C:\WINDOWS\SYSTEM32\bcrypt.dll
0x00007fffa28c0000 - 0x00007fffa28df000 	C:\WINDOWS\SYSTEM32\USERENV.dll
0x00007fffa27b0000 - 0x00007fffa27e8000 	C:\WINDOWS\SYSTEM32\IPHLPAPI.DLL
0x00007fffa6960000 - 0x00007fffa6968000 	C:\WINDOWS\System32\NSI.dll
0x00007fff9f9c0000 - 0x00007fff9f9d6000 	C:\WINDOWS\SYSTEM32\dhcpcsvc6.DLL
0x00007fff9fc20000 - 0x00007fff9fc3a000 	C:\WINDOWS\SYSTEM32\dhcpcsvc.DLL
0x00007fff89810000 - 0x00007fff8986f000 	C:\Users\gebruiker\AppData\Local\Temp\lwjglgebruiker\3.1.1-build-16\lwjgl_opengl.dll
0x00007fffa4d50000 - 0x00007fffa4e88000 	C:\WINDOWS\System32\ole32.dll
0x00007fffa49b0000 - 0x00007fffa4a4f000 	C:\WINDOWS\System32\clbcatq.dll
0x000000006d6c0000 - 0x000000006d707000 	C:\Program Files\Java\jre1.8.0_131\bin\fontmanager.dll
0x000000006d360000 - 0x000000006d3a2000 	C:\Program Files\Java\jre1.8.0_131\bin\t2k.dll
0x00007fffa3090000 - 0x00007fffa3222000 	C:\WINDOWS\SYSTEM32\dbghelp.dll

VM Arguments:
jvm_args: -Dfile.encoding=Cp1252 
java_command: me.newo2001.Main
java_class_path (initial): D:\Coding\Github\JPAWN;D:\Coding\Github\LWJGL\lwjgl.jar;D:\Coding\Github\LWJGL\lwjgl-assimp.jar;D:\Coding\Github\LWJGL\lwjgl-assimp-javadoc.jar;D:\Coding\Github\LWJGL\lwjgl-assimp-natives-windows.jar;D:\Coding\Github\LWJGL\lwjgl-bgfx.jar;D:\Coding\Github\LWJGL\lwjgl-bgfx-javadoc.jar;D:\Coding\Github\LWJGL\lwjgl-bgfx-natives-windows.jar;D:\Coding\Github\LWJGL\lwjgl-egl.jar;D:\Coding\Github\LWJGL\lwjgl-egl-javadoc.jar;D:\Coding\Github\LWJGL\lwjgl-glfw.jar;D:\Coding\Github\LWJGL\lwjgl-glfw-javadoc.jar;D:\Coding\Github\LWJGL\lwjgl-glfw-natives-windows.jar;D:\Coding\Github\LWJGL\lwjgl-javadoc.jar;D:\Coding\Github\LWJGL\lwjgl-jawt.jar;D:\Coding\Github\LWJGL\lwjgl-jawt-javadoc.jar;D:\Coding\Github\LWJGL\lwjgl-jemalloc.jar;D:\Coding\Github\LWJGL\lwjgl-jemalloc-javadoc.jar;D:\Coding\Github\LWJGL\lwjgl-jemalloc-natives-windows.jar;D:\Coding\Github\LWJGL\lwjgl-lmdb.jar;D:\Coding\Github\LWJGL\lwjgl-lmdb-javadoc.jar;D:\Coding\Github\LWJGL\lwjgl-lmdb-natives-windows.jar;D:\Coding\Github\LWJGL\lwjgl-nanovg.jar;D:\Coding\Github\LWJGL\lwjgl-nanovg-javadoc.jar;D:\Coding\Github\LWJGL\lwjgl-nanovg-natives-windows.jar;D:\Coding\Github\LWJGL\lwjgl-natives-windows.jar;D:\Coding\Github\LWJGL\lwjgl-nfd.jar;D:\Coding\Github\LWJGL\lwjgl-nfd-javadoc.jar;D:\Coding\Github\LWJGL\lwjgl-nfd-natives-windows.jar;D:\Coding\Github\LWJGL\lwjgl-nuklear.jar;D:\Coding\Github\LWJGL\lwjgl-nuklear-javadoc.jar;D:\Coding\Github\LWJGL\lwjgl-nuklear-natives-windows.jar;D:\Coding\Github\LWJGL\lwjgl-openal.jar;D:\Coding\Github\LWJGL\lwjgl-openal-javadoc.jar;D:\Coding\Github\LWJGL\lwjgl-openal-natives-windows.jar;D:\Coding\Github\LWJGL\lwjgl-opencl.jar;D:\Coding\Github\LWJGL\lwjgl-opencl-javadoc.jar;D:\Coding\Github\LWJGL\lwjgl-opengl.jar;D:\Coding\Github\LWJGL\lwjgl-opengles.jar;D:\Coding\Github\LWJGL\lwjgl-opengles-javadoc.jar;D:\Coding\Github\LWJGL\lwjgl-opengles-natives-windows.jar;D:\Coding\Github\LWJGL\lwjgl-opengl-javadoc.jar;D:\Coding\Github\LWJGL\lwjgl-opengl-natives-windows.jar
Launcher Type: SUN_STANDARD

Environment Variables:
JAVA_HOME=C:\Program Files\Java\jdk1.8.0_45
PATH=C:/Program Files/Java/jre1.8.0_131/bin/server;C:/Program Files/Java/jre1.8.0_131/bin;C:/Program Files/Java/jre1.8.0_131/lib/amd64;C:\ProgramData\Oracle\Java\javapath;C:\Program Files\Common Files\Microsoft Shared\Windows Live;C:\Program Files (x86)\Common Files\Microsoft Shared\Windows Live;C:\Program Files (x86)\AMD APP\bin\x86_64;C:\Program Files (x86)\AMD APP\bin\x86;C:\WINDOWS\system32;C:\WINDOWS;C:\WINDOWS\System32\Wbem;C:\WINDOWS\System32\WindowsPowerShell\v1.0\;C:\Program Files (x86)\ATI Technologies\ATI.ACE\Core-Static;C:\Program Files (x86)\Windows Live\Shared;C:\Users\gebruiker\.dnx\bin;C:\Program Files\Microsoft DNX\Dnvm\;C:\Program Files\Microsoft SQL Server\120\Tools\Binn\;C:\Program Files\apache-maven-3.3.9\bin;C:\Program Files\nodejs\;C:\Program Files (x86)\Heroku\bin;C:\Program Files (x86)\git\cmd;C:\Program Files (x86)\Git\cmd;C:\Program Files (x86)\NVIDIA Corporation\PhysX\Common;C:\Program Files (x86)\Skype\Phone\;C:\Program Files\Java\jdk1.8.0_45\bin;C:\Users\gebruiker\AppData\Local\atom\bin;C:\Users\gebruiker\AppData\Local\Microsoft\WindowsApps;C:\Users\gebruiker\AppData\Roaming\npm;C:\Program Files (x86)\Steam\steamapps\common\Counter-Strike Global Offensive\..\bin;D:\Eclipse;
USERNAME=gebruiker
OS=Windows_NT
PROCESSOR_IDENTIFIER=Intel64 Family 6 Model 42 Stepping 7, GenuineIntel



---------------  S Y S T E M  ---------------

OS: Windows 10.0 , 64 bit Build 14393 (10.0.14393.1198)

CPU:total 4 (initial active 4) (4 cores per cpu, 1 threads per core) family 6 model 42 stepping 7, cmov, cx8, fxsr, mmx, sse, sse2, sse3, ssse3, sse4.1, sse4.2, popcnt, avx, aes, clmul, tsc, tscinvbit

Memory: 4k page, physical 10462640k(5149532k free), swap 20948400k(13513000k free)

vm_info: Java HotSpot(TM) 64-Bit Server VM (25.131-b11) for windows-amd64 JRE (1.8.0_131-b11), built on Mar 15 2017 01:23:53 by "java_re" with MS VC++ 10.0 (VS2010)

time: Sat May 20 16:36:42 2017
elapsed time: 3 seconds (0d 0h 0m 3s)

