#
# A fatal error has been detected by the Java Runtime Environment:
#
#  EXCEPTION_ACCESS_VIOLATION (0xc0000005) at pc=0x000000006b338678, pid=6868, tid=0x0000000000001b68
#
# JRE version: Java(TM) SE Runtime Environment (8.0_131-b11) (build 1.8.0_131-b11)
# Java VM: Java HotSpot(TM) 64-Bit Server VM (25.131-b11 mixed mode windows-amd64 compressed oops)
# Problematic frame:
# C  [nvoglv64.DLL+0xf78678]
#
# Failed to write core dump. Minidumps are not enabled by default on client versions of Windows
#
# If you would like to submit a bug report, please visit:
#   http://bugreport.java.com/bugreport/crash.jsp
# The crash happened outside the Java Virtual Machine in native code.
# See problematic frame for where to report the bug.
#

---------------  T H R E A D  ---------------

Current thread (0x00000000031f2800):  JavaThread "main" [_thread_in_native, id=7016, stack(0x0000000003090000,0x0000000003190000)]

siginfo: ExceptionCode=0xc0000005, reading address 0x00000000222bd000

Registers:
RAX=0x0000000000000010, RBX=0x0000000021773fdc, RCX=0x0000000021774870, RDX=0x0000000000b48784
RSP=0x000000000318f2f8, RBP=0x00000000222bc760, RSI=0x0000000000001000, RDI=0x000000001c83a080
R8 =0x0000000000000fec, R9 =0x000000000000000e, R10=0x00000000222bc760, R11=0x0000000021773fdc
R12=0x0000000000001908, R13=0x0000000000000000, R14=0x0000000000000010, R15=0x0000000000001405
RIP=0x000000006b338678, EFLAGS=0x0000000000010202

Top of Stack: (sp=0x000000000318f2f8)
0x000000000318f2f8:   000000006ab96b62 0000000000000010
0x000000000318f308:   0000000000000010 000000000318f3a8
0x000000000318f318:   0000000000014db0 0000000000001908
0x000000000318f328:   0000000000001405 00000000222bc760
0x000000000318f338:   00000000098c94d8 0000000000001000
0x000000000318f348:   0000000009817570 00000000031f2800
0x000000000318f358:   000000000318f510 0000000009ddf420
0x000000000318f368:   0000000000000000 00000000222bc760
0x000000000318f378:   0000000000000010 000000000318f4a8
0x000000000318f388:   00007fff89820a95 0000000000000de1
0x000000000318f398:   0000000000000001 0000000000001908
0x000000000318f3a8:   0000000000000de1 0000000000000010
0x000000000318f3b8:   0000000000000000 0000000000001908
0x000000000318f3c8:   0000000000001405 00000000222bc760
0x000000000318f3d8:   00000000222bc760 0000000009ddf420
0x000000000318f3e8:   000000000b057f74 0000000000000010 

Instructions: (pc=0x000000006b338678)
0x000000006b338658:   4c 3b 0d 09 6c 06 01 76 17 e9 c2 00 00 00 66 66
0x000000006b338668:   0f 1f 84 00 00 00 00 00 0f 29 41 e0 0f 29 49 f0
0x000000006b338678:   0f 10 04 0a 0f 10 4c 0a 10 48 81 c1 80 00 00 00
0x000000006b338688:   0f 29 41 80 0f 29 49 90 0f 10 44 0a a0 0f 10 4c 


Register to memory mapping:

RAX=0x0000000000000010 is an unknown value
RBX=0x0000000021773fdc is an unknown value
RCX=0x0000000021774870 is an unknown value
RDX=0x0000000000b48784 is an unknown value
RSP=0x000000000318f2f8 is pointing into the stack for thread: 0x00000000031f2800
RBP=0x00000000222bc760 is an unknown value
RSI=0x0000000000001000 is an unknown value
RDI=0x000000001c83a080 is an unknown value
R8 =0x0000000000000fec is an unknown value
R9 =0x000000000000000e is an unknown value
R10=0x00000000222bc760 is an unknown value
R11=0x0000000021773fdc is an unknown value
R12=0x0000000000001908 is an unknown value
R13=0x0000000000000000 is an unknown value
R14=0x0000000000000010 is an unknown value
R15=0x0000000000001405 is an unknown value


Stack: [0x0000000003090000,0x0000000003190000],  sp=0x000000000318f2f8,  free space=1020k
Native frames: (J=compiled Java code, j=interpreted, Vv=VM code, C=native code)
C  [nvoglv64.DLL+0xf78678]
C  [nvoglv64.DLL+0x7d6b62]
C  [lwjgl_opengl.dll+0x10a95]
C  0x000000000b057f74

Java frames: (J=compiled Java code, j=interpreted, Vv=VM code)
j  org.lwjgl.opengl.GL11.nglTexImage2D(IIIIIIIIJ)V+0
j  org.lwjgl.opengl.GL11.glTexImage2D(IIIIIIIILjava/nio/ByteBuffer;)V+17
j  me.newo2001.util.Geometry.drawText(IILjava/lang/String;I)V+103
j  me.newo2001.gui.GuiContainer.drawGui()V+229
j  me.newo2001.renderer.GuiRenderer.render()V+9
j  me.newo2001.renderer.Renderer.render()V+7
j  me.newo2001.Main.loop()V+21
j  me.newo2001.Main.run()V+37
j  me.newo2001.Main.main([Ljava/lang/String;)V+7
v  ~StubRoutines::call_stub

---------------  P R O C E S S  ---------------

Java Threads: ( => current thread )
  0x000000001bbe0800 JavaThread "Java2D Disposer" daemon [_thread_blocked, id=9220, stack(0x0000000023060000,0x0000000023160000)]
  0x000000001ab98800 JavaThread "Service Thread" daemon [_thread_blocked, id=1468, stack(0x000000001af70000,0x000000001b070000)]
  0x000000000a19b000 JavaThread "C1 CompilerThread2" daemon [_thread_blocked, id=3656, stack(0x000000001aa70000,0x000000001ab70000)]
  0x000000000a192800 JavaThread "C2 CompilerThread1" daemon [_thread_blocked, id=9728, stack(0x000000001a970000,0x000000001aa70000)]
  0x000000000a18f000 JavaThread "C2 CompilerThread0" daemon [_thread_blocked, id=6592, stack(0x000000001a870000,0x000000001a970000)]
  0x000000000a18e000 JavaThread "Attach Listener" daemon [_thread_blocked, id=11052, stack(0x000000001a770000,0x000000001a870000)]
  0x000000000a18d000 JavaThread "Signal Dispatcher" daemon [_thread_blocked, id=7872, stack(0x000000001a670000,0x000000001a770000)]
  0x000000000a17a800 JavaThread "Finalizer" daemon [_thread_blocked, id=6636, stack(0x000000001a470000,0x000000001a570000)]
  0x000000000a159000 JavaThread "Reference Handler" daemon [_thread_blocked, id=8172, stack(0x000000001a370000,0x000000001a470000)]
=>0x00000000031f2800 JavaThread "main" [_thread_in_native, id=7016, stack(0x0000000003090000,0x0000000003190000)]

Other Threads:
  0x000000000a157000 VMThread [stack: 0x000000001a270000,0x000000001a370000] [id=11364]
  0x000000001abac000 WatcherThread [stack: 0x000000001b430000,0x000000001b530000] [id=1948]

VM state:not at safepoint (normal execution)

VM Mutex/Monitor currently owned by a thread: None

Heap:
 PSYoungGen      total 47616K, used 35471K [0x000000078ac00000, 0x000000078e100000, 0x00000007c0000000)
  eden space 40960K, 86% used [0x000000078ac00000,0x000000078cea3e18,0x000000078d400000)
  from space 6656K, 0% used [0x000000078da80000,0x000000078da80000,0x000000078e100000)
  to   space 6656K, 0% used [0x000000078d400000,0x000000078d400000,0x000000078da80000)
 ParOldGen       total 109568K, used 0K [0x0000000720400000, 0x0000000726f00000, 0x000000078ac00000)
  object space 109568K, 0% used [0x0000000720400000,0x0000000720400000,0x0000000726f00000)
 Metaspace       used 11587K, capacity 11789K, committed 11904K, reserved 1060864K
  class space    used 1054K, capacity 1126K, committed 1152K, reserved 1048576K

Card table byte_map: [0x00000000036b0000,0x0000000003bb0000] byte_map_base: 0xffffffffffdae000

Marking Bits: (ParMarkBitMap*) 0x000000006cd7c720
 Begin Bits: [0x0000000004310000, 0x0000000006b00000)
 End Bits:   [0x0000000006b00000, 0x00000000092f0000)

Polling page: 0x00000000012a0000

CodeCache: size=245760Kb used=3775Kb max_used=3776Kb free=241984Kb
 bounds [0x000000000b040000, 0x000000000b400000, 0x000000001a040000]
 total_blobs=1877 nmethods=944 adapters=846
 compilation: enabled

Compilation events (10 events):
Event: 3.891 Thread 0x000000000a19b000  940 %     3       java.lang.Class::copyFields @ 12 (36 bytes)
Event: 3.891 Thread 0x000000000a19b000 nmethod 940% 0x000000000b3e6fd0 code [0x000000000b3e71e0, 0x000000000b3e7cb8]
Event: 3.891 Thread 0x000000000a19b000  941 %     3       java.util.Spliterators$ArraySpliterator::forEachRemaining @ 49 (68 bytes)
Event: 3.892 Thread 0x000000000a19b000 nmethod 941% 0x000000000b3e6710 code [0x000000000b3e68a0, 0x000000000b3e6db8]
Event: 3.892 Thread 0x000000000a19b000  942       3       sun.misc.Unsafe::getAndAddLong (27 bytes)
Event: 3.892 Thread 0x000000000a19b000 nmethod 942 0x000000000b3e6290 code [0x000000000b3e6400, 0x000000000b3e6610]
Event: 3.902 Thread 0x000000000a19b000  943       3       sun.java2d.loops.GraphicsPrimitiveMgr::locate (104 bytes)
Event: 3.902 Thread 0x000000000a19b000 nmethod 943 0x000000000b3e5310 code [0x000000000b3e5500, 0x000000000b3e5f38]
Event: 3.902 Thread 0x000000000a19b000  944       3       java.util.Arrays::binarySearch (10 bytes)
Event: 3.902 Thread 0x000000000a19b000 nmethod 944 0x000000000b3e4150 code [0x000000000b3e42c0, 0x000000000b3e4448]

GC Heap History (0 events):
No events

Deoptimization events (3 events):
Event: 2.162 Thread 0x00000000031f2800 Uncommon trap: reason=unstable_if action=reinterpret pc=0x000000000b1c9708 method=java.lang.String.indexOf([CII[CIII)I @ 3
Event: 2.528 Thread 0x00000000031f2800 Uncommon trap: reason=unstable_if action=reinterpret pc=0x000000000b331d14 method=java.lang.StrictMath.floorOrCeil(DDDD)D @ 8
Event: 2.528 Thread 0x00000000031f2800 Uncommon trap: reason=unstable_if action=reinterpret pc=0x000000000b331270 method=java.lang.StrictMath.floorOrCeil(DDDD)D @ 8

Internal exceptions (10 events):
Event: 0.156 Thread 0x00000000031f2800 Exception <a 'java/lang/NoSuchFieldError': method resolution failed> (0x000000078aef40e8) thrown at [C:\re\workspace\8-2-build-windows-amd64-cygwin\jdk8u131\8869\hotspot\src\share\vm\prims\methodHandles.cpp, line 1146]
Event: 0.157 Thread 0x00000000031f2800 Exception <a 'java/lang/NoSuchFieldError': method resolution failed> (0x000000078af01438) thrown at [C:\re\workspace\8-2-build-windows-amd64-cygwin\jdk8u131\8869\hotspot\src\share\vm\prims\methodHandles.cpp, line 1146]
Event: 2.134 Thread 0x00000000031f2800 Exception <a 'java/io/FileNotFoundException'> (0x000000078b232db0) thrown at [C:\re\workspace\8-2-build-windows-amd64-cygwin\jdk8u131\8869\hotspot\src\share\vm\prims\jni.cpp, line 709]
Event: 2.214 Thread 0x00000000031f2800 Exception <a 'sun/nio/fs/WindowsException'> (0x000000078b715c20) thrown at [C:\re\workspace\8-2-build-windows-amd64-cygwin\jdk8u131\8869\hotspot\src\share\vm\prims\jni.cpp, line 709]
Event: 2.214 Thread 0x00000000031f2800 Exception <a 'sun/nio/fs/WindowsException'> (0x000000078b716260) thrown at [C:\re\workspace\8-2-build-windows-amd64-cygwin\jdk8u131\8869\hotspot\src\share\vm\prims\jni.cpp, line 709]
Event: 2.215 Thread 0x00000000031f2800 Exception <a 'sun/nio/fs/WindowsException'> (0x000000078b718c38) thrown at [C:\re\workspace\8-2-build-windows-amd64-cygwin\jdk8u131\8869\hotspot\src\share\vm\prims\jni.cpp, line 709]
Event: 2.215 Thread 0x00000000031f2800 Exception <a 'sun/nio/fs/WindowsException'> (0x000000078b719160) thrown at [C:\re\workspace\8-2-build-windows-amd64-cygwin\jdk8u131\8869\hotspot\src\share\vm\prims\jni.cpp, line 709]
Event: 2.215 Thread 0x00000000031f2800 Exception <a 'sun/nio/fs/WindowsException'> (0x000000078b719b38) thrown at [C:\re\workspace\8-2-build-windows-amd64-cygwin\jdk8u131\8869\hotspot\src\share\vm\prims\jni.cpp, line 709]
Event: 2.215 Thread 0x00000000031f2800 Exception <a 'sun/nio/fs/WindowsException'> (0x000000078b719fc8) thrown at [C:\re\workspace\8-2-build-windows-amd64-cygwin\jdk8u131\8869\hotspot\src\share\vm\prims\jni.cpp, line 709]
Event: 3.526 Thread 0x00000000031f2800 Exception <a 'java/io/FileNotFoundException'> (0x000000078ccf2d70) thrown at [C:\re\workspace\8-2-build-windows-amd64-cygwin\jdk8u131\8869\hotspot\src\share\vm\prims\jni.cpp, line 709]

Events (10 events):
Event: 3.740 loading class java/nio/ByteBufferAsCharBufferB
Event: 3.741 loading class java/nio/ByteBufferAsCharBufferB done
Event: 3.741 loading class sun/font/FileFontStrike
Event: 3.741 loading class sun/font/FileFontStrike done
Event: 3.742 loading class sun/font/FontScaler
Event: 3.742 loading class sun/font/FontScaler done
Event: 3.742 loading class sun/font/T2KFontScaler
Event: 3.742 loading class sun/font/T2KFontScaler done
Event: 3.742 loading class sun/font/T2KFontScaler$1
Event: 3.742 loading class sun/font/T2KFontScaler$1 done


Dynamic libraries:
0x00007ff665740000 - 0x00007ff665777000 	C:\Program Files\Java\jre1.8.0_131\bin\javaw.exe
0x00007fffa7020000 - 0x00007fffa71f1000 	C:\WINDOWS\SYSTEM32\ntdll.dll
0x00007fffa6ec0000 - 0x00007fffa6f6c000 	C:\WINDOWS\System32\KERNEL32.DLL
0x00007fffa4130000 - 0x00007fffa434d000 	C:\WINDOWS\System32\KERNELBASE.dll
0x00007fffa4890000 - 0x00007fffa4932000 	C:\WINDOWS\System32\ADVAPI32.dll
0x00007fffa6f70000 - 0x00007fffa700e000 	C:\WINDOWS\System32\msvcrt.dll
0x00007fffa6a40000 - 0x00007fffa6a99000 	C:\WINDOWS\System32\sechost.dll
0x00007fffa4e90000 - 0x00007fffa4fb1000 	C:\WINDOWS\System32\RPCRT4.dll
0x00007fffa45f0000 - 0x00007fffa4755000 	C:\WINDOWS\System32\USER32.dll
0x00007fffa3590000 - 0x00007fffa35ae000 	C:\WINDOWS\System32\win32u.dll
0x00007fffa4850000 - 0x00007fffa4884000 	C:\WINDOWS\System32\GDI32.dll
0x00007fffa4350000 - 0x00007fffa44d2000 	C:\WINDOWS\System32\gdi32full.dll
0x00007fff9b330000 - 0x00007fff9b5aa000 	C:\WINDOWS\WinSxS\amd64_microsoft.windows.common-controls_6595b64144ccf1df_6.0.14393.953_none_42151e83c686086b\COMCTL32.dll
0x00007fffa4a80000 - 0x00007fffa4d48000 	C:\WINDOWS\System32\combase.dll
0x00007fffa4030000 - 0x00007fffa4125000 	C:\WINDOWS\System32\ucrtbase.dll
0x00007fffa3600000 - 0x00007fffa366a000 	C:\WINDOWS\System32\bcryptPrimitives.dll
0x00007fffa4a50000 - 0x00007fffa4a7e000 	C:\WINDOWS\System32\IMM32.DLL
0x000000006d630000 - 0x000000006d69c000 	c:\program files (x86)\internetbeveiliging\apps\computersecurity\hips\fshook64.dll
0x00007fffa6970000 - 0x00007fffa6978000 	C:\WINDOWS\System32\PSAPI.DLL
0x000000006d550000 - 0x000000006d622000 	C:\Program Files\Java\jre1.8.0_131\bin\msvcr100.dll
0x000000006c560000 - 0x000000006cdfc000 	C:\Program Files\Java\jre1.8.0_131\bin\server\jvm.dll
0x00007fff964a0000 - 0x00007fff964a9000 	C:\WINDOWS\SYSTEM32\WSOCK32.dll
0x00007fffa1070000 - 0x00007fffa1093000 	C:\WINDOWS\SYSTEM32\WINMM.dll
0x00007fff9b920000 - 0x00007fff9b92a000 	C:\WINDOWS\SYSTEM32\VERSION.dll
0x00007fffa47e0000 - 0x00007fffa484a000 	C:\WINDOWS\System32\WS2_32.dll
0x00007fffa1040000 - 0x00007fffa106b000 	C:\WINDOWS\SYSTEM32\WINMMBASE.dll
0x00007fffa35b0000 - 0x00007fffa35f2000 	C:\WINDOWS\System32\cfgmgr32.dll
0x000000006d8d0000 - 0x000000006d8df000 	C:\Program Files\Java\jre1.8.0_131\bin\verify.dll
0x000000006d8a0000 - 0x000000006d8c9000 	C:\Program Files\Java\jre1.8.0_131\bin\java.dll
0x000000006d880000 - 0x000000006d896000 	C:\Program Files\Java\jre1.8.0_131\bin\zip.dll
0x00007fffa5450000 - 0x00007fffa6958000 	C:\WINDOWS\System32\SHELL32.dll
0x00007fffa3950000 - 0x00007fffa402a000 	C:\WINDOWS\System32\windows.storage.dll
0x00007fffa34a0000 - 0x00007fffa34ec000 	C:\WINDOWS\System32\powrprof.dll
0x00007fffa4780000 - 0x00007fffa47d2000 	C:\WINDOWS\System32\shlwapi.dll
0x00007fffa3460000 - 0x00007fffa346f000 	C:\WINDOWS\System32\kernel.appcore.dll
0x00007fffa44e0000 - 0x00007fffa4589000 	C:\WINDOWS\System32\shcore.dll
0x00007fffa3480000 - 0x00007fffa3494000 	C:\WINDOWS\System32\profapi.dll
0x000000006d860000 - 0x000000006d87a000 	C:\Program Files\Java\jre1.8.0_131\bin\net.dll
0x00007fffa2a30000 - 0x00007fffa2a8c000 	C:\WINDOWS\system32\mswsock.dll
0x000000006d840000 - 0x000000006d851000 	C:\Program Files\Java\jre1.8.0_131\bin\nio.dll
0x00007fff922d0000 - 0x00007fff92327000 	C:\Users\gebruiker\AppData\Local\Temp\lwjglgebruiker\3.1.1-build-16\lwjgl.dll
0x00007fffa2bd0000 - 0x00007fffa2bdb000 	C:\WINDOWS\SYSTEM32\CRYPTBASE.DLL
0x00007fff93480000 - 0x00007fff934be000 	C:\Users\GEBRUI~1\AppData\Local\Temp\lwjglgebruiker\3.1.1-build-16\jemalloc.dll
0x00007fff8ecc0000 - 0x00007fff8ecfc000 	C:\Users\GEBRUI~1\AppData\Local\Temp\lwjglgebruiker\3.1.1-build-16\glfw.dll
0x00007fffa1930000 - 0x00007fffa19c5000 	C:\WINDOWS\system32\uxtheme.dll
0x00007fff89870000 - 0x00007fff898b0000 	C:\WINDOWS\SYSTEM32\dinput8.dll
0x00007fffa11f0000 - 0x00007fffa11fe000 	C:\WINDOWS\SYSTEM32\xinput1_4.dll
0x00007fffa1d60000 - 0x00007fffa1d88000 	C:\WINDOWS\SYSTEM32\DEVOBJ.dll
0x00007fffa0450000 - 0x00007fffa0476000 	C:\WINDOWS\SYSTEM32\dwmapi.dll
0x00007fffa2010000 - 0x00007fffa201c000 	C:\WINDOWS\SYSTEM32\HID.DLL
0x00007fffa5020000 - 0x00007fffa5449000 	C:\WINDOWS\System32\SETUPAPI.DLL
0x00007fffa3670000 - 0x00007fffa36c5000 	C:\WINDOWS\System32\WINTRUST.dll
0x00007fffa3470000 - 0x00007fffa3480000 	C:\WINDOWS\System32\MSASN1.dll
0x00007fffa3780000 - 0x00007fffa3949000 	C:\WINDOWS\System32\CRYPT32.dll
0x00007fffa6bc0000 - 0x00007fffa6d1a000 	C:\WINDOWS\System32\MSCTF.dll
0x00007fffa6980000 - 0x00007fffa6a3f000 	C:\WINDOWS\System32\OLEAUT32.dll
0x00007fffa34f0000 - 0x00007fffa358c000 	C:\WINDOWS\System32\msvcp_win.dll
0x00007fff82f50000 - 0x00007fff83073000 	C:\WINDOWS\SYSTEM32\opengl32.dll
0x00007fff9e6b0000 - 0x00007fff9e6dd000 	C:\WINDOWS\SYSTEM32\GLU32.dll
0x00007fff842b0000 - 0x00007fff843a7000 	C:\WINDOWS\SYSTEM32\DDRAW.dll
0x00007fff9cb10000 - 0x00007fff9cb18000 	C:\WINDOWS\SYSTEM32\DCIMAN32.dll
0x000000006a3c0000 - 0x000000006c558000 	C:\WINDOWS\SYSTEM32\nvoglv64.DLL
0x00007fff9fc00000 - 0x00007fff9fc13000 	C:\WINDOWS\SYSTEM32\WTSAPI32.dll
0x00007fffa2500000 - 0x00007fffa2532000 	C:\WINDOWS\SYSTEM32\ntmarta.dll
0x00007fffa2dd0000 - 0x00007fffa2e26000 	C:\WINDOWS\SYSTEM32\WINSTA.dll
0x000000006d3b0000 - 0x000000006d548000 	C:\Program Files\Java\jre1.8.0_131\bin\awt.dll
0x00007fffa1890000 - 0x00007fffa190a000 	C:\WINDOWS\SYSTEM32\apphelp.dll
0x00007fffa2ec0000 - 0x00007fffa2ed7000 	C:\WINDOWS\SYSTEM32\CRYPTSP.dll
0x00007fffa2630000 - 0x00007fffa2663000 	C:\WINDOWS\system32\rsaenh.dll
0x00007fffa3230000 - 0x00007fffa325b000 	C:\WINDOWS\SYSTEM32\bcrypt.dll
0x00007fffa28c0000 - 0x00007fffa28df000 	C:\WINDOWS\SYSTEM32\USERENV.dll
0x00007fffa27b0000 - 0x00007fffa27e8000 	C:\WINDOWS\SYSTEM32\IPHLPAPI.DLL
0x00007fffa6960000 - 0x00007fffa6968000 	C:\WINDOWS\System32\NSI.dll
0x00007fff9f9c0000 - 0x00007fff9f9d6000 	C:\WINDOWS\SYSTEM32\dhcpcsvc6.DLL
0x00007fff9fc20000 - 0x00007fff9fc3a000 	C:\WINDOWS\SYSTEM32\dhcpcsvc.DLL
0x00007fff89810000 - 0x00007fff8986f000 	C:\Users\gebruiker\AppData\Local\Temp\lwjglgebruiker\3.1.1-build-16\lwjgl_opengl.dll
0x00007fffa4d50000 - 0x00007fffa4e88000 	C:\WINDOWS\System32\ole32.dll
0x00007fffa49b0000 - 0x00007fffa4a4f000 	C:\WINDOWS\System32\clbcatq.dll
0x000000006d6c0000 - 0x000000006d707000 	C:\Program Files\Java\jre1.8.0_131\bin\fontmanager.dll
0x000000006d360000 - 0x000000006d3a2000 	C:\Program Files\Java\jre1.8.0_131\bin\t2k.dll
0x00007fffa3090000 - 0x00007fffa3222000 	C:\WINDOWS\SYSTEM32\dbghelp.dll

VM Arguments:
jvm_args: -Dfile.encoding=Cp1252 
java_command: me.newo2001.Main
java_class_path (initial): D:\Coding\Github\JPAWN;D:\Coding\Github\LWJGL\lwjgl.jar;D:\Coding\Github\LWJGL\lwjgl-assimp.jar;D:\Coding\Github\LWJGL\lwjgl-assimp-javadoc.jar;D:\Coding\Github\LWJGL\lwjgl-assimp-natives-windows.jar;D:\Coding\Github\LWJGL\lwjgl-bgfx.jar;D:\Coding\Github\LWJGL\lwjgl-bgfx-javadoc.jar;D:\Coding\Github\LWJGL\lwjgl-bgfx-natives-windows.jar;D:\Coding\Github\LWJGL\lwjgl-egl.jar;D:\Coding\Github\LWJGL\lwjgl-egl-javadoc.jar;D:\Coding\Github\LWJGL\lwjgl-glfw.jar;D:\Coding\Github\LWJGL\lwjgl-glfw-javadoc.jar;D:\Coding\Github\LWJGL\lwjgl-glfw-natives-windows.jar;D:\Coding\Github\LWJGL\lwjgl-javadoc.jar;D:\Coding\Github\LWJGL\lwjgl-jawt.jar;D:\Coding\Github\LWJGL\lwjgl-jawt-javadoc.jar;D:\Coding\Github\LWJGL\lwjgl-jemalloc.jar;D:\Coding\Github\LWJGL\lwjgl-jemalloc-javadoc.jar;D:\Coding\Github\LWJGL\lwjgl-jemalloc-natives-windows.jar;D:\Coding\Github\LWJGL\lwjgl-lmdb.jar;D:\Coding\Github\LWJGL\lwjgl-lmdb-javadoc.jar;D:\Coding\Github\LWJGL\lwjgl-lmdb-natives-windows.jar;D:\Coding\Github\LWJGL\lwjgl-nanovg.jar;D:\Coding\Github\LWJGL\lwjgl-nanovg-javadoc.jar;D:\Coding\Github\LWJGL\lwjgl-nanovg-natives-windows.jar;D:\Coding\Github\LWJGL\lwjgl-natives-windows.jar;D:\Coding\Github\LWJGL\lwjgl-nfd.jar;D:\Coding\Github\LWJGL\lwjgl-nfd-javadoc.jar;D:\Coding\Github\LWJGL\lwjgl-nfd-natives-windows.jar;D:\Coding\Github\LWJGL\lwjgl-nuklear.jar;D:\Coding\Github\LWJGL\lwjgl-nuklear-javadoc.jar;D:\Coding\Github\LWJGL\lwjgl-nuklear-natives-windows.jar;D:\Coding\Github\LWJGL\lwjgl-openal.jar;D:\Coding\Github\LWJGL\lwjgl-openal-javadoc.jar;D:\Coding\Github\LWJGL\lwjgl-openal-natives-windows.jar;D:\Coding\Github\LWJGL\lwjgl-opencl.jar;D:\Coding\Github\LWJGL\lwjgl-opencl-javadoc.jar;D:\Coding\Github\LWJGL\lwjgl-opengl.jar;D:\Coding\Github\LWJGL\lwjgl-opengles.jar;D:\Coding\Github\LWJGL\lwjgl-opengles-javadoc.jar;D:\Coding\Github\LWJGL\lwjgl-opengles-natives-windows.jar;D:\Coding\Github\LWJGL\lwjgl-opengl-javadoc.jar;D:\Coding\Github\LWJGL\lwjgl-opengl-natives-windows.jar
Launcher Type: SUN_STANDARD

Environment Variables:
JAVA_HOME=C:\Program Files\Java\jdk1.8.0_45
PATH=C:/Program Files/Java/jre1.8.0_131/bin/server;C:/Program Files/Java/jre1.8.0_131/bin;C:/Program Files/Java/jre1.8.0_131/lib/amd64;C:\ProgramData\Oracle\Java\javapath;C:\Program Files\Common Files\Microsoft Shared\Windows Live;C:\Program Files (x86)\Common Files\Microsoft Shared\Windows Live;C:\Program Files (x86)\AMD APP\bin\x86_64;C:\Program Files (x86)\AMD APP\bin\x86;C:\WINDOWS\system32;C:\WINDOWS;C:\WINDOWS\System32\Wbem;C:\WINDOWS\System32\WindowsPowerShell\v1.0\;C:\Program Files (x86)\ATI Technologies\ATI.ACE\Core-Static;C:\Program Files (x86)\Windows Live\Shared;C:\Users\gebruiker\.dnx\bin;C:\Program Files\Microsoft DNX\Dnvm\;C:\Program Files\Microsoft SQL Server\120\Tools\Binn\;C:\Program Files\apache-maven-3.3.9\bin;C:\Program Files\nodejs\;C:\Program Files (x86)\Heroku\bin;C:\Program Files (x86)\git\cmd;C:\Program Files (x86)\Git\cmd;C:\Program Files (x86)\NVIDIA Corporation\PhysX\Common;C:\Program Files (x86)\Skype\Phone\;C:\Program Files\Java\jdk1.8.0_45\bin;C:\Users\gebruiker\AppData\Local\atom\bin;C:\Users\gebruiker\AppData\Local\Microsoft\WindowsApps;C:\Users\gebruiker\AppData\Roaming\npm;C:\Program Files (x86)\Steam\steamapps\common\Counter-Strike Global Offensive\..\bin;D:\Eclipse;
USERNAME=gebruiker
OS=Windows_NT
PROCESSOR_IDENTIFIER=Intel64 Family 6 Model 42 Stepping 7, GenuineIntel



---------------  S Y S T E M  ---------------

OS: Windows 10.0 , 64 bit Build 14393 (10.0.14393.1198)

CPU:total 4 (initial active 4) (4 cores per cpu, 1 threads per core) family 6 model 42 stepping 7, cmov, cx8, fxsr, mmx, sse, sse2, sse3, ssse3, sse4.1, sse4.2, popcnt, avx, aes, clmul, tsc, tscinvbit

Memory: 4k page, physical 10462640k(5150272k free), swap 20948400k(13510768k free)

vm_info: Java HotSpot(TM) 64-Bit Server VM (25.131-b11) for windows-amd64 JRE (1.8.0_131-b11), built on Mar 15 2017 01:23:53 by "java_re" with MS VC++ 10.0 (VS2010)

time: Sat May 20 16:36:17 2017
elapsed time: 4 seconds (0d 0h 0m 4s)

